#
# There is insufficient memory for the Java Runtime Environment to continue.
# Native memory allocation (malloc) failed to allocate 1797616 bytes for Chunk::new
# Possible reasons:
#   The system is out of physical RAM or swap space
#   The process is running with CompressedOops enabled, and the Java Heap may be blocking the growth of the native heap
# Possible solutions:
#   Reduce memory load on the system
#   Increase physical memory or swap space
#   Check if swap backing store is full
#   Decrease Java heap size (-Xmx/-Xms)
#   Decrease number of Java threads
#   Decrease Java thread stack sizes (-Xss)
#   Set larger code cache with -XX:ReservedCodeCacheSize=
#   JVM is running with Unscaled Compressed Oops mode in which the Java heap is
#     placed in the first 4GB address space. The Java Heap base address is the
#     maximum limit for the native heap growth. Please use -XX:HeapBaseMinAddress
#     to set the Java Heap base and to place the Java Heap above 4GB virtual address.
# This output file may be truncated or incomplete.
#
#  Out of Memory Error (arena.cpp:191), pid=21768, tid=26744
#
# JRE version: OpenJDK Runtime Environment (17.0.9) (build 17.0.9+0--11185874)
# Java VM: OpenJDK 64-Bit Server VM (17.0.9+0--11185874, mixed mode, tiered, compressed oops, compressed class ptrs, g1 gc, windows-amd64)
# No core dump will be written. Minidumps are not enabled by default on client versions of Windows
#

---------------  S U M M A R Y ------------

Command Line: --add-opens=java.base/java.util=ALL-UNNAMED --add-opens=java.base/java.lang=ALL-UNNAMED --add-opens=java.base/java.lang.invoke=ALL-UNNAMED --add-opens=java.prefs/java.util.prefs=ALL-UNNAMED --add-opens=java.base/java.nio.charset=ALL-UNNAMED --add-opens=java.base/java.net=ALL-UNNAMED --add-opens=java.base/java.util.concurrent.atomic=ALL-UNNAMED -Xmx2048m -Dfile.encoding=UTF-8 -Duser.country=US -Duser.language=en -Duser.variant -javaagent:C:\Users\Dahoo\.gradle\wrapper\dists\gradle-8.4-bin\1w5dpkrfk8irigvoxmyhowfim\gradle-8.4\lib\agents\gradle-instrumentation-agent-8.4.jar org.gradle.launcher.daemon.bootstrap.GradleDaemon 8.4

Host: Intel(R) Core(TM) i5-8265U CPU @ 1.60GHz, 8 cores, 7G,  Windows 11 , 64 bit Build 22621 (10.0.22621.3958)
Time: Mon Oct  7 11:29:13 2024 Jerusalem Daylight Time elapsed time: 9.807898 seconds (0d 0h 0m 9s)

---------------  T H R E A D  ---------------

Current thread (0x00000211feca6640):  JavaThread "C2 CompilerThread0" daemon [_thread_in_native, id=26744, stack(0x000000b188600000,0x000000b188700000)]


Current CompileTask:
C2:   9808 4884       4       jdk.internal.org.objectweb.asm.Frame::execute (2305 bytes)

Stack: [0x000000b188600000,0x000000b188700000]
Native frames: (J=compiled Java code, j=interpreted, Vv=VM code, C=native code)
V  [jvm.dll+0x6886e9]
V  [jvm.dll+0x841e4a]
V  [jvm.dll+0x843a8e]
V  [jvm.dll+0x8440f3]
V  [jvm.dll+0x24c14f]
V  [jvm.dll+0xac44c]
V  [jvm.dll+0xaca9c]
V  [jvm.dll+0x36c1a2]
V  [jvm.dll+0x33651a]
V  [jvm.dll+0x3359ba]
V  [jvm.dll+0x21ddb1]
V  [jvm.dll+0x21d1d1]
V  [jvm.dll+0x1a674d]
V  [jvm.dll+0x22d088]
V  [jvm.dll+0x22b1c0]
V  [jvm.dll+0x7f62f7]
V  [jvm.dll+0x7f06aa]
V  [jvm.dll+0x687565]
C  [ucrtbase.dll+0x29333]
C  [KERNEL32.DLL+0x1257d]
C  [ntdll.dll+0x5af28]


---------------  P R O C E S S  ---------------

Threads class SMR info:
_java_thread_list=0x0000021196301540, length=42, elements={
0x00000211f3cceda0, 0x00000211feb3f390, 0x00000211feb419c0, 0x00000211feb463f0,
0x00000211feb46fb0, 0x00000211feb47a70, 0x00000211feca58a0, 0x00000211feca6640,
0x00000211fecc4bb0, 0x00000211feccb260, 0x00000211feac9820, 0x00000211fef1a400,
0x0000021193ac35e0, 0x00000211941ecc60, 0x0000021193861f90, 0x00000211953a9b40,
0x000002119548d460, 0x000002119523b040, 0x0000021193b53880, 0x0000021195551360,
0x00000211955531c0, 0x000002119554ff20, 0x0000021195550e50, 0x0000021195551870,
0x0000021195550430, 0x0000021195552cb0, 0x0000021195551d80, 0x000002119554fa10,
0x0000021195550940, 0x00000211955527a0, 0x000002119665ae50, 0x000002119665b360,
0x0000021196658ff0, 0x000002119665b870, 0x000002119665a430, 0x00000211966585d0,
0x0000021196659a10, 0x0000021196659f20, 0x0000021196658ae0, 0x000002119665a940,
0x0000021196659500, 0x0000021194af1db0
}

Java Threads: ( => current thread )
  0x00000211f3cceda0 JavaThread "main" [_thread_blocked, id=27076, stack(0x000000b187900000,0x000000b187a00000)]
  0x00000211feb3f390 JavaThread "Reference Handler" daemon [_thread_blocked, id=24652, stack(0x000000b188000000,0x000000b188100000)]
  0x00000211feb419c0 JavaThread "Finalizer" daemon [_thread_blocked, id=2236, stack(0x000000b188100000,0x000000b188200000)]
  0x00000211feb463f0 JavaThread "Signal Dispatcher" daemon [_thread_blocked, id=18144, stack(0x000000b188200000,0x000000b188300000)]
  0x00000211feb46fb0 JavaThread "Attach Listener" daemon [_thread_blocked, id=28360, stack(0x000000b188300000,0x000000b188400000)]
  0x00000211feb47a70 JavaThread "Service Thread" daemon [_thread_blocked, id=19268, stack(0x000000b188400000,0x000000b188500000)]
  0x00000211feca58a0 JavaThread "Monitor Deflation Thread" daemon [_thread_blocked, id=13892, stack(0x000000b188500000,0x000000b188600000)]
=>0x00000211feca6640 JavaThread "C2 CompilerThread0" daemon [_thread_in_native, id=26744, stack(0x000000b188600000,0x000000b188700000)]
  0x00000211fecc4bb0 JavaThread "C1 CompilerThread0" daemon [_thread_blocked, id=20012, stack(0x000000b188700000,0x000000b188800000)]
  0x00000211feccb260 JavaThread "Sweeper thread" daemon [_thread_blocked, id=8016, stack(0x000000b188800000,0x000000b188900000)]
  0x00000211feac9820 JavaThread "Common-Cleaner" daemon [_thread_blocked, id=12448, stack(0x000000b188900000,0x000000b188a00000)]
  0x00000211fef1a400 JavaThread "Notification Thread" daemon [_thread_blocked, id=4328, stack(0x000000b188a00000,0x000000b188b00000)]
  0x0000021193ac35e0 JavaThread "Daemon health stats" [_thread_blocked, id=16916, stack(0x000000b189200000,0x000000b189300000)]
  0x00000211941ecc60 JavaThread "Incoming local TCP Connector on port 51963" [_thread_in_native, id=19412, stack(0x000000b189300000,0x000000b189400000)]
  0x0000021193861f90 JavaThread "Daemon periodic checks" [_thread_blocked, id=29524, stack(0x000000b189400000,0x000000b189500000)]
  0x00000211953a9b40 JavaThread "Daemon" [_thread_blocked, id=25512, stack(0x000000b189500000,0x000000b189600000)]
  0x000002119548d460 JavaThread "Handler for socket connection from /127.0.0.1:51963 to /127.0.0.1:51964" [_thread_in_native, id=3200, stack(0x000000b189600000,0x000000b189700000)]
  0x000002119523b040 JavaThread "Cancel handler" [_thread_blocked, id=25484, stack(0x000000b189700000,0x000000b189800000)]
  0x0000021193b53880 JavaThread "Daemon worker" [_thread_in_vm, id=11480, stack(0x000000b189800000,0x000000b189900000)]
  0x0000021195551360 JavaThread "Asynchronous log dispatcher for DefaultDaemonConnection: socket connection from /127.0.0.1:51963 to /127.0.0.1:51964" [_thread_blocked, id=28500, stack(0x000000b189900000,0x000000b189a00000)]
  0x00000211955531c0 JavaThread "Stdin handler" [_thread_blocked, id=19932, stack(0x000000b189a00000,0x000000b189b00000)]
  0x000002119554ff20 JavaThread "Daemon client event forwarder" [_thread_blocked, id=24632, stack(0x000000b189b00000,0x000000b189c00000)]
  0x0000021195550e50 JavaThread "Cache worker for journal cache (C:\Users\Dahoo\.gradle\caches\journal-1)" [_thread_blocked, id=7764, stack(0x000000b18a000000,0x000000b18a100000)]
  0x0000021195551870 JavaThread "File lock request listener" [_thread_in_native, id=25548, stack(0x000000b18a100000,0x000000b18a200000)]
  0x0000021195550430 JavaThread "Cache worker for file hash cache (C:\Users\Dahoo\.gradle\caches\8.4\fileHashes)" [_thread_blocked, id=22272, stack(0x000000b18a200000,0x000000b18a300000)]
  0x0000021195552cb0 JavaThread "File watcher server" daemon [_thread_in_native, id=27364, stack(0x000000b18a300000,0x000000b18a400000)]
  0x0000021195551d80 JavaThread "File watcher consumer" daemon [_thread_blocked, id=8552, stack(0x000000b18a400000,0x000000b18a500000)]
  0x000002119554fa10 JavaThread "jar transforms" [_thread_blocked, id=27152, stack(0x000000b18a500000,0x000000b18a600000)]
  0x0000021195550940 JavaThread "jar transforms Thread 2" [_thread_blocked, id=29512, stack(0x000000b18a600000,0x000000b18a700000)]
  0x00000211955527a0 JavaThread "jar transforms Thread 3" [_thread_blocked, id=15184, stack(0x000000b18a700000,0x000000b18a800000)]
  0x000002119665ae50 JavaThread "jar transforms Thread 4" [_thread_blocked, id=17452, stack(0x000000b18a800000,0x000000b18a900000)]
  0x000002119665b360 JavaThread "jar transforms Thread 5" [_thread_blocked, id=1612, stack(0x000000b18a900000,0x000000b18aa00000)]
  0x0000021196658ff0 JavaThread "jar transforms Thread 6" [_thread_blocked, id=27312, stack(0x000000b18aa00000,0x000000b18ab00000)]
  0x000002119665b870 JavaThread "jar transforms Thread 7" [_thread_blocked, id=25004, stack(0x000000b18ab00000,0x000000b18ac00000)]
  0x000002119665a430 JavaThread "jar transforms Thread 8" [_thread_blocked, id=25140, stack(0x000000b18ac00000,0x000000b18ad00000)]
  0x00000211966585d0 JavaThread "Cache worker for checksums cache (E:\Gym2\.gradle\8.4\checksums)" [_thread_blocked, id=3680, stack(0x000000b18ad00000,0x000000b18ae00000)]
  0x0000021196659a10 JavaThread "Cache worker for file hash cache (E:\Gym2\.gradle\8.4\fileHashes)" [_thread_blocked, id=27692, stack(0x000000b18ae00000,0x000000b18af00000)]
  0x0000021196659f20 JavaThread "Cache worker for cache directory md-supplier (C:\Users\Dahoo\.gradle\caches\8.4\md-supplier)" [_thread_blocked, id=29320, stack(0x000000b18af00000,0x000000b18b000000)]
  0x0000021196658ae0 JavaThread "Cache worker for file content cache (C:\Users\Dahoo\.gradle\caches\8.4\fileContent)" [_thread_blocked, id=29336, stack(0x000000b188d00000,0x000000b188e00000)]
  0x000002119665a940 JavaThread "Cache worker for cache directory md-rule (C:\Users\Dahoo\.gradle\caches\8.4\md-rule)" [_thread_blocked, id=4336, stack(0x000000b18b000000,0x000000b18b100000)]
  0x0000021196659500 JavaThread "Cache worker for execution history cache (C:\Users\Dahoo\.gradle\caches\8.4\executionHistory)" [_thread_blocked, id=26288, stack(0x000000b18b100000,0x000000b18b200000)]
  0x0000021194af1db0 JavaThread "Cache worker for kotlin-dsl (C:\Users\Dahoo\.gradle\caches\8.4\kotlin-dsl)" [_thread_blocked, id=12768, stack(0x000000b18b200000,0x000000b18b300000)]

Other Threads:
  0x00000211feb3d450 VMThread "VM Thread" [stack: 0x000000b187f00000,0x000000b188000000] [id=20056]
  0x00000211fefe7420 WatcherThread [stack: 0x000000b188b00000,0x000000b188c00000] [id=4268]
  0x00000211f3d2c620 GCTaskThread "GC Thread#0" [stack: 0x000000b187a00000,0x000000b187b00000] [id=2532]
  0x00000211930d6940 GCTaskThread "GC Thread#1" [stack: 0x000000b188e00000,0x000000b188f00000] [id=29640]
  0x00000211930d6c00 GCTaskThread "GC Thread#2" [stack: 0x000000b188f00000,0x000000b189000000] [id=17164]
  0x00000211931ac440 GCTaskThread "GC Thread#3" [stack: 0x000000b189000000,0x000000b189100000] [id=25604]
  0x000002119313a680 GCTaskThread "GC Thread#4" [stack: 0x000000b189100000,0x000000b189200000] [id=28384]
  0x0000021193832420 GCTaskThread "GC Thread#5" [stack: 0x000000b189c00000,0x000000b189d00000] [id=5828]
  0x0000021194929f20 GCTaskThread "GC Thread#6" [stack: 0x000000b189d00000,0x000000b189e00000] [id=29136]
  0x0000021193caf050 GCTaskThread "GC Thread#7" [stack: 0x000000b189e00000,0x000000b189f00000] [id=25068]
  0x00000211f3d3d570 ConcurrentGCThread "G1 Main Marker" [stack: 0x000000b187b00000,0x000000b187c00000] [id=24580]
  0x00000211f3d3df90 ConcurrentGCThread "G1 Conc#0" [stack: 0x000000b187c00000,0x000000b187d00000] [id=12244]
  0x00000211943df9e0 ConcurrentGCThread "G1 Conc#1" [stack: 0x000000b189f00000,0x000000b18a000000] [id=26660]
  0x00000211f3d7d790 ConcurrentGCThread "G1 Refine#0" [stack: 0x000000b187d00000,0x000000b187e00000] [id=27640]
  0x00000211f3d7e1c0 ConcurrentGCThread "G1 Service" [stack: 0x000000b187e00000,0x000000b187f00000] [id=28584]

Threads with active compile tasks:
C2 CompilerThread0     9865 4884       4       jdk.internal.org.objectweb.asm.Frame::execute (2305 bytes)

VM state: not at safepoint (normal execution)

VM Mutex/Monitor currently owned by a thread: None

Heap address: 0x0000000080000000, size: 2048 MB, Compressed Oops mode: 32-bit

CDS archive(s) not mapped
Compressed class space mapped at: 0x0000000100000000-0x0000000140000000, reserved size: 1073741824
Narrow klass base: 0x0000000000000000, Narrow klass shift: 3, Narrow klass range: 0x140000000

GC Precious Log:
 CPUs: 8 total, 8 available
 Memory: 7967M
 Large Page Support: Disabled
 NUMA Support: Disabled
 Compressed Oops: Enabled (32-bit)
 Heap Region Size: 1M
 Heap Min Capacity: 8M
 Heap Initial Capacity: 126M
 Heap Max Capacity: 2G
 Pre-touch: Disabled
 Parallel Workers: 8
 Concurrent Workers: 2
 Concurrent Refinement Workers: 8
 Periodic GC: Disabled

Heap:
 garbage-first heap   total 136192K, used 68972K [0x0000000080000000, 0x0000000100000000)
  region size 1024K, 16 young (16384K), 3 survivors (3072K)
 Metaspace       used 60988K, committed 61504K, reserved 1114112K
  class space    used 8527K, committed 8768K, reserved 1048576K

Heap Regions: E=young(eden), S=young(survivor), O=old, HS=humongous(starts), HC=humongous(continues), CS=collection set, F=free, OA=open archive, CA=closed archive, TAMS=top-at-mark-start (previous, next)
|   0|0x0000000080000000, 0x0000000080100000, 0x0000000080100000|100%|HS|  |TAMS 0x0000000080100000, 0x0000000080000000| Complete 
|   1|0x0000000080100000, 0x0000000080200000, 0x0000000080200000|100%|HC|  |TAMS 0x0000000080200000, 0x0000000080100000| Complete 
|   2|0x0000000080200000, 0x0000000080300000, 0x0000000080300000|100%|HC|  |TAMS 0x0000000080300000, 0x0000000080200000| Complete 
|   3|0x0000000080300000, 0x0000000080400000, 0x0000000080400000|100%|HC|  |TAMS 0x0000000080400000, 0x0000000080300000| Complete 
|   4|0x0000000080400000, 0x0000000080500000, 0x0000000080500000|100%| O|  |TAMS 0x0000000080500000, 0x0000000080400000| Untracked 
|   5|0x0000000080500000, 0x0000000080600000, 0x0000000080600000|100%| O|  |TAMS 0x0000000080600000, 0x0000000080500000| Untracked 
|   6|0x0000000080600000, 0x0000000080700000, 0x0000000080700000|100%| O|  |TAMS 0x0000000080700000, 0x0000000080600000| Untracked 
|   7|0x0000000080700000, 0x0000000080800000, 0x0000000080800000|100%| O|  |TAMS 0x0000000080800000, 0x0000000080700000| Untracked 
|   8|0x0000000080800000, 0x0000000080900000, 0x0000000080900000|100%| O|  |TAMS 0x0000000080900000, 0x0000000080800000| Untracked 
|   9|0x0000000080900000, 0x0000000080a00000, 0x0000000080a00000|100%| O|  |TAMS 0x0000000080a00000, 0x0000000080900000| Untracked 
|  10|0x0000000080a00000, 0x0000000080b00000, 0x0000000080b00000|100%| O|  |TAMS 0x0000000080b00000, 0x0000000080a00000| Untracked 
|  11|0x0000000080b00000, 0x0000000080c00000, 0x0000000080c00000|100%| O|  |TAMS 0x0000000080c00000, 0x0000000080b00000| Untracked 
|  12|0x0000000080c00000, 0x0000000080d00000, 0x0000000080d00000|100%| O|  |TAMS 0x0000000080d00000, 0x0000000080c00000| Untracked 
|  13|0x0000000080d00000, 0x0000000080e00000, 0x0000000080e00000|100%| O|  |TAMS 0x0000000080e00000, 0x0000000080d00000| Untracked 
|  14|0x0000000080e00000, 0x0000000080f00000, 0x0000000080f00000|100%| O|  |TAMS 0x0000000080f00000, 0x0000000080e00000| Untracked 
|  15|0x0000000080f00000, 0x0000000081000000, 0x0000000081000000|100%| O|  |TAMS 0x0000000081000000, 0x0000000080f00000| Untracked 
|  16|0x0000000081000000, 0x0000000081100000, 0x0000000081100000|100%| O|  |TAMS 0x0000000081100000, 0x0000000081000000| Untracked 
|  17|0x0000000081100000, 0x0000000081200000, 0x0000000081200000|100%| O|  |TAMS 0x0000000081200000, 0x0000000081100000| Untracked 
|  18|0x0000000081200000, 0x0000000081300000, 0x0000000081300000|100%| O|  |TAMS 0x0000000081300000, 0x0000000081200000| Untracked 
|  19|0x0000000081300000, 0x0000000081400000, 0x0000000081400000|100%| O|  |TAMS 0x0000000081400000, 0x0000000081300000| Untracked 
|  20|0x0000000081400000, 0x0000000081500000, 0x0000000081500000|100%| O|  |TAMS 0x0000000081400000, 0x0000000081400000| Untracked 
|  21|0x0000000081500000, 0x0000000081600000, 0x0000000081600000|100%|HS|  |TAMS 0x0000000081600000, 0x0000000081500000| Complete 
|  22|0x0000000081600000, 0x0000000081700000, 0x0000000081700000|100%|HC|  |TAMS 0x0000000081700000, 0x0000000081600000| Complete 
|  23|0x0000000081700000, 0x0000000081800000, 0x0000000081800000|100%|HS|  |TAMS 0x0000000081800000, 0x0000000081700000| Complete 
|  24|0x0000000081800000, 0x0000000081900000, 0x0000000081900000|100%|HC|  |TAMS 0x0000000081900000, 0x0000000081800000| Complete 
|  25|0x0000000081900000, 0x0000000081a00000, 0x0000000081a00000|100%|HC|  |TAMS 0x0000000081a00000, 0x0000000081900000| Complete 
|  26|0x0000000081a00000, 0x0000000081b00000, 0x0000000081b00000|100%|HS|  |TAMS 0x0000000081b00000, 0x0000000081a00000| Complete 
|  27|0x0000000081b00000, 0x0000000081c00000, 0x0000000081c00000|100%|HC|  |TAMS 0x0000000081c00000, 0x0000000081b00000| Complete 
|  28|0x0000000081c00000, 0x0000000081d00000, 0x0000000081d00000|100%|HC|  |TAMS 0x0000000081d00000, 0x0000000081c00000| Complete 
|  29|0x0000000081d00000, 0x0000000081e00000, 0x0000000081e00000|100%|HS|  |TAMS 0x0000000081e00000, 0x0000000081d00000| Complete 
|  30|0x0000000081e00000, 0x0000000081f00000, 0x0000000081f00000|100%|HC|  |TAMS 0x0000000081f00000, 0x0000000081e00000| Complete 
|  31|0x0000000081f00000, 0x0000000082000000, 0x0000000082000000|100%|HC|  |TAMS 0x0000000082000000, 0x0000000081f00000| Complete 
|  32|0x0000000082000000, 0x0000000082100000, 0x0000000082100000|100%| O|  |TAMS 0x0000000082100000, 0x0000000082000000| Untracked 
|  33|0x0000000082100000, 0x0000000082200000, 0x0000000082200000|100%| O|  |TAMS 0x0000000082200000, 0x0000000082100000| Untracked 
|  34|0x0000000082200000, 0x0000000082300000, 0x0000000082300000|100%| O|  |TAMS 0x0000000082300000, 0x0000000082200000| Untracked 
|  35|0x0000000082300000, 0x0000000082400000, 0x0000000082400000|100%| O|  |TAMS 0x0000000082365e00, 0x0000000082300000| Untracked 
|  36|0x0000000082400000, 0x0000000082500000, 0x0000000082500000|100%| O|  |TAMS 0x0000000082400000, 0x0000000082400000| Untracked 
|  37|0x0000000082500000, 0x0000000082600000, 0x0000000082600000|100%| O|  |TAMS 0x0000000082500000, 0x0000000082500000| Untracked 
|  38|0x0000000082600000, 0x0000000082700000, 0x0000000082700000|100%| O|  |TAMS 0x0000000082700000, 0x0000000082600000| Untracked 
|  39|0x0000000082700000, 0x0000000082800000, 0x0000000082800000|100%| O|  |TAMS 0x0000000082800000, 0x0000000082700000| Untracked 
|  40|0x0000000082800000, 0x0000000082900000, 0x0000000082900000|100%| O|  |TAMS 0x0000000082900000, 0x0000000082800000| Untracked 
|  41|0x0000000082900000, 0x0000000082a00000, 0x0000000082a00000|100%| O|  |TAMS 0x0000000082a00000, 0x0000000082900000| Untracked 
|  42|0x0000000082a00000, 0x0000000082b00000, 0x0000000082b00000|100%|HS|  |TAMS 0x0000000082a00000, 0x0000000082a00000| Complete 
|  43|0x0000000082b00000, 0x0000000082c00000, 0x0000000082c00000|100%|HC|  |TAMS 0x0000000082b00000, 0x0000000082b00000| Complete 
|  44|0x0000000082c00000, 0x0000000082d00000, 0x0000000082d00000|100%|HC|  |TAMS 0x0000000082c00000, 0x0000000082c00000| Complete 
|  45|0x0000000082d00000, 0x0000000082e00000, 0x0000000082e00000|100%| O|  |TAMS 0x0000000082d00000, 0x0000000082d00000| Untracked 
|  46|0x0000000082e00000, 0x0000000082f00000, 0x0000000082f00000|100%| O|  |TAMS 0x0000000082e00000, 0x0000000082e00000| Untracked 
|  47|0x0000000082f00000, 0x0000000083000000, 0x0000000083000000|100%| O|  |TAMS 0x0000000082f00000, 0x0000000082f00000| Untracked 
|  48|0x0000000083000000, 0x0000000083100000, 0x0000000083100000|100%| O|  |TAMS 0x0000000083000000, 0x0000000083000000| Untracked 
|  49|0x0000000083100000, 0x0000000083200000, 0x0000000083200000|100%| O|  |TAMS 0x0000000083100000, 0x0000000083100000| Untracked 
|  50|0x0000000083200000, 0x0000000083300000, 0x0000000083300000|100%| O|  |TAMS 0x0000000083200000, 0x0000000083200000| Untracked 
|  51|0x0000000083300000, 0x0000000083400000, 0x0000000083400000|100%| O|  |TAMS 0x0000000083300000, 0x0000000083300000| Untracked 
|  52|0x0000000083400000, 0x0000000083451e00, 0x0000000083500000| 31%| O|  |TAMS 0x0000000083400000, 0x0000000083400000| Untracked 
|  53|0x0000000083500000, 0x0000000083500000, 0x0000000083600000|  0%| F|  |TAMS 0x0000000083500000, 0x0000000083500000| Untracked 
|  54|0x0000000083600000, 0x0000000083600000, 0x0000000083700000|  0%| F|  |TAMS 0x0000000083600000, 0x0000000083600000| Untracked 
|  55|0x0000000083700000, 0x0000000083700000, 0x0000000083800000|  0%| F|  |TAMS 0x0000000083700000, 0x0000000083700000| Untracked 
|  56|0x0000000083800000, 0x0000000083800000, 0x0000000083900000|  0%| F|  |TAMS 0x0000000083800000, 0x0000000083800000| Untracked 
|  57|0x0000000083900000, 0x0000000083900000, 0x0000000083a00000|  0%| F|  |TAMS 0x0000000083900000, 0x0000000083900000| Untracked 
|  58|0x0000000083a00000, 0x0000000083a00000, 0x0000000083b00000|  0%| F|  |TAMS 0x0000000083a00000, 0x0000000083a00000| Untracked 
|  59|0x0000000083b00000, 0x0000000083b00000, 0x0000000083c00000|  0%| F|  |TAMS 0x0000000083b00000, 0x0000000083b00000| Untracked 
|  60|0x0000000083c00000, 0x0000000083c00000, 0x0000000083d00000|  0%| F|  |TAMS 0x0000000083c00000, 0x0000000083c00000| Untracked 
|  61|0x0000000083d00000, 0x0000000083d00000, 0x0000000083e00000|  0%| F|  |TAMS 0x0000000083d00000, 0x0000000083d00000| Untracked 
|  62|0x0000000083e00000, 0x0000000083e00000, 0x0000000083f00000|  0%| F|  |TAMS 0x0000000083e00000, 0x0000000083e00000| Untracked 
|  63|0x0000000083f00000, 0x0000000083f00000, 0x0000000084000000|  0%| F|  |TAMS 0x0000000083f00000, 0x0000000083f00000| Untracked 
|  64|0x0000000084000000, 0x0000000084000000, 0x0000000084100000|  0%| F|  |TAMS 0x0000000084000000, 0x0000000084000000| Untracked 
|  65|0x0000000084100000, 0x0000000084100000, 0x0000000084200000|  0%| F|  |TAMS 0x0000000084100000, 0x0000000084100000| Untracked 
|  66|0x0000000084200000, 0x0000000084200000, 0x0000000084300000|  0%| F|  |TAMS 0x0000000084200000, 0x0000000084200000| Untracked 
|  67|0x0000000084300000, 0x0000000084300000, 0x0000000084400000|  0%| F|  |TAMS 0x0000000084300000, 0x0000000084300000| Untracked 
|  68|0x0000000084400000, 0x0000000084400000, 0x0000000084500000|  0%| F|  |TAMS 0x0000000084400000, 0x0000000084400000| Untracked 
|  69|0x0000000084500000, 0x0000000084500000, 0x0000000084600000|  0%| F|  |TAMS 0x0000000084500000, 0x0000000084500000| Untracked 
|  70|0x0000000084600000, 0x0000000084600000, 0x0000000084700000|  0%| F|  |TAMS 0x0000000084600000, 0x0000000084600000| Untracked 
|  71|0x0000000084700000, 0x0000000084700000, 0x0000000084800000|  0%| F|  |TAMS 0x0000000084700000, 0x0000000084700000| Untracked 
|  72|0x0000000084800000, 0x0000000084800000, 0x0000000084900000|  0%| F|  |TAMS 0x0000000084800000, 0x0000000084800000| Untracked 
|  73|0x0000000084900000, 0x0000000084900000, 0x0000000084a00000|  0%| F|  |TAMS 0x0000000084900000, 0x0000000084900000| Untracked 
|  74|0x0000000084a00000, 0x0000000084a00000, 0x0000000084b00000|  0%| F|  |TAMS 0x0000000084a00000, 0x0000000084a00000| Untracked 
|  75|0x0000000084b00000, 0x0000000084b00000, 0x0000000084c00000|  0%| F|  |TAMS 0x0000000084b00000, 0x0000000084b00000| Untracked 
|  76|0x0000000084c00000, 0x0000000084c00000, 0x0000000084d00000|  0%| F|  |TAMS 0x0000000084c00000, 0x0000000084c00000| Untracked 
|  77|0x0000000084d00000, 0x0000000084d00000, 0x0000000084e00000|  0%| F|  |TAMS 0x0000000084d00000, 0x0000000084d00000| Untracked 
|  78|0x0000000084e00000, 0x0000000084e00000, 0x0000000084f00000|  0%| F|  |TAMS 0x0000000084e00000, 0x0000000084e00000| Untracked 
|  79|0x0000000084f00000, 0x0000000084f00000, 0x0000000085000000|  0%| F|  |TAMS 0x0000000084f00000, 0x0000000084f00000| Untracked 
|  80|0x0000000085000000, 0x0000000085000000, 0x0000000085100000|  0%| F|  |TAMS 0x0000000085000000, 0x0000000085000000| Untracked 
|  81|0x0000000085100000, 0x0000000085109278, 0x0000000085200000|  3%| S|CS|TAMS 0x0000000085100000, 0x0000000085100000| Complete 
|  82|0x0000000085200000, 0x0000000085300000, 0x0000000085300000|100%| S|CS|TAMS 0x0000000085200000, 0x0000000085200000| Complete 
|  83|0x0000000085300000, 0x0000000085400000, 0x0000000085400000|100%| S|CS|TAMS 0x0000000085300000, 0x0000000085300000| Complete 
|  84|0x0000000085400000, 0x0000000085400000, 0x0000000085500000|  0%| F|  |TAMS 0x0000000085400000, 0x0000000085400000| Untracked 
|  85|0x0000000085500000, 0x0000000085500000, 0x0000000085600000|  0%| F|  |TAMS 0x0000000085500000, 0x0000000085500000| Untracked 
|  86|0x0000000085600000, 0x0000000085600000, 0x0000000085700000|  0%| F|  |TAMS 0x0000000085600000, 0x0000000085600000| Untracked 
|  87|0x0000000085700000, 0x0000000085700000, 0x0000000085800000|  0%| F|  |TAMS 0x0000000085700000, 0x0000000085700000| Untracked 
|  88|0x0000000085800000, 0x0000000085800000, 0x0000000085900000|  0%| F|  |TAMS 0x0000000085800000, 0x0000000085800000| Untracked 
|  89|0x0000000085900000, 0x0000000085900000, 0x0000000085a00000|  0%| F|  |TAMS 0x0000000085900000, 0x0000000085900000| Untracked 
|  90|0x0000000085a00000, 0x0000000085a00000, 0x0000000085b00000|  0%| F|  |TAMS 0x0000000085a00000, 0x0000000085a00000| Untracked 
|  91|0x0000000085b00000, 0x0000000085b00000, 0x0000000085c00000|  0%| F|  |TAMS 0x0000000085b00000, 0x0000000085b00000| Untracked 
|  92|0x0000000085c00000, 0x0000000085c00000, 0x0000000085d00000|  0%| F|  |TAMS 0x0000000085c00000, 0x0000000085c00000| Untracked 
|  93|0x0000000085d00000, 0x0000000085d00000, 0x0000000085e00000|  0%| F|  |TAMS 0x0000000085d00000, 0x0000000085d00000| Untracked 
|  94|0x0000000085e00000, 0x0000000085e00000, 0x0000000085f00000|  0%| F|  |TAMS 0x0000000085e00000, 0x0000000085e00000| Untracked 
|  95|0x0000000085f00000, 0x0000000085f00000, 0x0000000086000000|  0%| F|  |TAMS 0x0000000085f00000, 0x0000000085f00000| Untracked 
|  96|0x0000000086000000, 0x0000000086000000, 0x0000000086100000|  0%| F|  |TAMS 0x0000000086000000, 0x0000000086000000| Untracked 
|  97|0x0000000086100000, 0x0000000086100000, 0x0000000086200000|  0%| F|  |TAMS 0x0000000086100000, 0x0000000086100000| Untracked 
|  98|0x0000000086200000, 0x0000000086200000, 0x0000000086300000|  0%| F|  |TAMS 0x0000000086200000, 0x0000000086200000| Untracked 
|  99|0x0000000086300000, 0x0000000086300000, 0x0000000086400000|  0%| F|  |TAMS 0x0000000086300000, 0x0000000086300000| Untracked 
| 100|0x0000000086400000, 0x0000000086400000, 0x0000000086500000|  0%| F|  |TAMS 0x0000000086400000, 0x0000000086400000| Untracked 
| 101|0x0000000086500000, 0x0000000086500000, 0x0000000086600000|  0%| F|  |TAMS 0x0000000086500000, 0x0000000086500000| Untracked 
| 102|0x0000000086600000, 0x0000000086600000, 0x0000000086700000|  0%| F|  |TAMS 0x0000000086600000, 0x0000000086600000| Untracked 
| 103|0x0000000086700000, 0x0000000086700000, 0x0000000086800000|  0%| F|  |TAMS 0x0000000086700000, 0x0000000086700000| Untracked 
| 104|0x0000000086800000, 0x0000000086800000, 0x0000000086900000|  0%| F|  |TAMS 0x0000000086800000, 0x0000000086800000| Untracked 
| 105|0x0000000086900000, 0x0000000086900000, 0x0000000086a00000|  0%| F|  |TAMS 0x0000000086900000, 0x0000000086900000| Untracked 
| 106|0x0000000086a00000, 0x0000000086a00000, 0x0000000086b00000|  0%| F|  |TAMS 0x0000000086a00000, 0x0000000086a00000| Untracked 
| 107|0x0000000086b00000, 0x0000000086b00000, 0x0000000086c00000|  0%| F|  |TAMS 0x0000000086b00000, 0x0000000086b00000| Untracked 
| 108|0x0000000086c00000, 0x0000000086c00000, 0x0000000086d00000|  0%| F|  |TAMS 0x0000000086c00000, 0x0000000086c00000| Untracked 
| 109|0x0000000086d00000, 0x0000000086d00000, 0x0000000086e00000|  0%| F|  |TAMS 0x0000000086d00000, 0x0000000086d00000| Untracked 
| 110|0x0000000086e00000, 0x0000000086e00000, 0x0000000086f00000|  0%| F|  |TAMS 0x0000000086e00000, 0x0000000086e00000| Untracked 
| 111|0x0000000086f00000, 0x0000000086f00000, 0x0000000087000000|  0%| F|  |TAMS 0x0000000086f00000, 0x0000000086f00000| Untracked 
| 112|0x0000000087000000, 0x0000000087000000, 0x0000000087100000|  0%| F|  |TAMS 0x0000000087000000, 0x0000000087000000| Untracked 
| 113|0x0000000087100000, 0x0000000087100000, 0x0000000087200000|  0%| F|  |TAMS 0x0000000087100000, 0x0000000087100000| Untracked 
| 114|0x0000000087200000, 0x0000000087200000, 0x0000000087300000|  0%| F|  |TAMS 0x0000000087200000, 0x0000000087200000| Untracked 
| 115|0x0000000087300000, 0x0000000087300000, 0x0000000087400000|  0%| F|  |TAMS 0x0000000087300000, 0x0000000087300000| Untracked 
| 116|0x0000000087400000, 0x0000000087400000, 0x0000000087500000|  0%| F|  |TAMS 0x0000000087400000, 0x0000000087400000| Untracked 
| 117|0x0000000087500000, 0x0000000087500000, 0x0000000087600000|  0%| F|  |TAMS 0x0000000087500000, 0x0000000087500000| Untracked 
| 118|0x0000000087600000, 0x0000000087600000, 0x0000000087700000|  0%| F|  |TAMS 0x0000000087600000, 0x0000000087600000| Untracked 
| 119|0x0000000087700000, 0x0000000087800000, 0x0000000087800000|100%| E|  |TAMS 0x0000000087700000, 0x0000000087700000| Complete 
| 120|0x0000000087800000, 0x0000000087900000, 0x0000000087900000|100%| E|CS|TAMS 0x0000000087800000, 0x0000000087800000| Complete 
| 121|0x0000000087900000, 0x0000000087a00000, 0x0000000087a00000|100%| E|CS|TAMS 0x0000000087900000, 0x0000000087900000| Complete 
| 122|0x0000000087a00000, 0x0000000087b00000, 0x0000000087b00000|100%| E|CS|TAMS 0x0000000087a00000, 0x0000000087a00000| Complete 
| 123|0x0000000087b00000, 0x0000000087c00000, 0x0000000087c00000|100%| E|CS|TAMS 0x0000000087b00000, 0x0000000087b00000| Complete 
| 124|0x0000000087c00000, 0x0000000087d00000, 0x0000000087d00000|100%| E|CS|TAMS 0x0000000087c00000, 0x0000000087c00000| Complete 
| 125|0x0000000087d00000, 0x0000000087e00000, 0x0000000087e00000|100%| E|CS|TAMS 0x0000000087d00000, 0x0000000087d00000| Complete 
| 126|0x0000000087e00000, 0x0000000087f00000, 0x0000000087f00000|100%| E|CS|TAMS 0x0000000087e00000, 0x0000000087e00000| Complete 
| 127|0x0000000087f00000, 0x0000000088000000, 0x0000000088000000|100%| E|CS|TAMS 0x0000000087f00000, 0x0000000087f00000| Complete 
| 128|0x0000000088000000, 0x0000000088100000, 0x0000000088100000|100%| E|CS|TAMS 0x0000000088000000, 0x0000000088000000| Complete 
| 129|0x0000000088100000, 0x0000000088200000, 0x0000000088200000|100%| E|CS|TAMS 0x0000000088100000, 0x0000000088100000| Complete 
| 130|0x0000000088200000, 0x0000000088300000, 0x0000000088300000|100%| E|CS|TAMS 0x0000000088200000, 0x0000000088200000| Complete 
| 131|0x0000000088300000, 0x0000000088400000, 0x0000000088400000|100%| E|CS|TAMS 0x0000000088300000, 0x0000000088300000| Complete 
|2047|0x00000000fff00000, 0x0000000100000000, 0x0000000100000000|100%| O|  |TAMS 0x0000000100000000, 0x00000000fff00000| Untracked 

Card table byte_map: [0x00000211f78d0000,0x00000211f7cd0000] _byte_map_base: 0x00000211f74d0000

Marking Bits (Prev, Next): (CMBitMap*) 0x00000211f3d2cc80, (CMBitMap*) 0x00000211f3d2cc40
 Prev Bits: [0x00000211fa0d0000, 0x00000211fc0d0000)
 Next Bits: [0x00000211f80d0000, 0x00000211fa0d0000)

Polling page: 0x00000211f1c90000

Metaspace:

Usage:
  Non-class:     51.25 MB used.
      Class:      8.33 MB used.
       Both:     59.59 MB used.

Virtual space:
  Non-class space:       64.00 MB reserved,      51.56 MB ( 81%) committed,  1 nodes.
      Class space:        1.00 GB reserved,       8.56 MB ( <1%) committed,  1 nodes.
             Both:        1.06 GB reserved,      60.12 MB (  6%) committed. 

Chunk freelists:
   Non-Class:  11.66 MB
       Class:  7.44 MB
        Both:  19.09 MB

MaxMetaspaceSize: unlimited
CompressedClassSpaceSize: 1.00 GB
Initial GC threshold: 21.00 MB
Current GC threshold: 71.19 MB
CDS: off
MetaspaceReclaimPolicy: balanced
 - commit_granule_bytes: 65536.
 - commit_granule_words: 8192.
 - virtual_space_node_default_size: 8388608.
 - enlarge_chunks_in_place: 1.
 - new_chunks_are_fully_committed: 0.
 - uncommit_free_chunks: 1.
 - use_allocation_guard: 0.
 - handle_deallocations: 1.


Internal statistics:

num_allocs_failed_limit: 6.
num_arena_births: 608.
num_arena_deaths: 0.
num_vsnodes_births: 2.
num_vsnodes_deaths: 0.
num_space_committed: 962.
num_space_uncommitted: 0.
num_chunks_returned_to_freelist: 6.
num_chunks_taken_from_freelist: 2569.
num_chunk_merges: 6.
num_chunk_splits: 1772.
num_chunks_enlarged: 1275.
num_inconsistent_stats: 0.

CodeHeap 'non-profiled nmethods': size=120000Kb used=2186Kb max_used=3056Kb free=117813Kb
 bounds [0x0000021187ad0000, 0x0000021187dd0000, 0x000002118f000000]
CodeHeap 'profiled nmethods': size=120000Kb used=8247Kb max_used=9750Kb free=111752Kb
 bounds [0x0000021180000000, 0x0000021180990000, 0x0000021187530000]
CodeHeap 'non-nmethods': size=5760Kb used=2323Kb max_used=2383Kb free=3436Kb
 bounds [0x0000021187530000, 0x00000211877b0000, 0x0000021187ad0000]
 total_blobs=5016 nmethods=4171 adapters=756
 compilation: enabled
              stopped_count=0, restarted_count=0
 full_count=0

Compilation events (20 events):
Event: 9.499 Thread 0x00000211962e8a00 nmethod 4882 0x0000021187d10810 code [0x0000021187d109c0, 0x0000021187d11058]
Event: 9.638 Thread 0x00000211fecc4bb0 4883       3       kotlin.reflect.jvm.internal.impl.name.FqName::isRoot (8 bytes)
Event: 9.638 Thread 0x00000211fecc4bb0 nmethod 4883 0x0000021180349590 code [0x0000021180349740, 0x0000021180349998]
Event: 9.640 Thread 0x00000211feca6640 4884       4       jdk.internal.org.objectweb.asm.Frame::execute (2305 bytes)
Event: 9.650 Thread 0x00000211fecc4bb0 4885       3       java.lang.StringBuilder::append (8 bytes)
Event: 9.650 Thread 0x00000211fecc4bb0 nmethod 4885 0x000002118027d410 code [0x000002118027d5a0, 0x000002118027d6e8]
Event: 9.650 Thread 0x00000211fecc4bb0 4886       3       java.lang.AbstractStringBuilder::append (45 bytes)
Event: 9.651 Thread 0x00000211fecc4bb0 nmethod 4886 0x00000211803e3390 code [0x00000211803e3560, 0x00000211803e38a8]
Event: 9.684 Thread 0x00000211fecc4bb0 4888       3       java.util.ComparableTimSort::countRunAndMakeAscending (123 bytes)
Event: 9.685 Thread 0x00000211fecc4bb0 nmethod 4888 0x0000021180092090 code [0x00000211800922c0, 0x0000021180092cf8]
Event: 9.717 Thread 0x00000211fecc4bb0 4889       1       kotlin.reflect.jvm.internal.KClassImpl::getJClass (5 bytes)
Event: 9.717 Thread 0x00000211fecc4bb0 nmethod 4889 0x0000021187aeec90 code [0x0000021187aeee20, 0x0000021187aeeef8]
Event: 9.724 Thread 0x00000211fecc4bb0 4890       3       kotlin.reflect.jvm.internal.impl.name.FqName::hashCode (8 bytes)
Event: 9.725 Thread 0x00000211fecc4bb0 nmethod 4890 0x0000021180553590 code [0x0000021180553740, 0x00000211805538e8]
Event: 9.737 Thread 0x00000211fecc4bb0 4891       1       java.util.Collections$EmptyList::size (2 bytes)
Event: 9.737 Thread 0x00000211fecc4bb0 nmethod 4891 0x0000021187aee990 code [0x0000021187aeeb20, 0x0000021187aeebf8]
Event: 9.737 Thread 0x00000211fecc4bb0 4892       3       kotlin.jvm.internal.Intrinsics::checkNotNull (9 bytes)
Event: 9.737 Thread 0x00000211fecc4bb0 nmethod 4892 0x00000211803e4910 code [0x00000211803e4b00, 0x00000211803e4fc8]
Event: 9.740 Thread 0x00000211fecc4bb0 4893       3       kotlin.reflect.jvm.internal.impl.name.ClassId::<init> (90 bytes)
Event: 9.740 Thread 0x00000211fecc4bb0 nmethod 4893 0x00000211803de490 code [0x00000211803de660, 0x00000211803de998]

GC Heap History (20 events):
Event: 3.112 GC heap before
{Heap before GC invocations=5 (full 0):
 garbage-first heap   total 71680K, used 21780K [0x0000000080000000, 0x0000000100000000)
  region size 1024K, 4 young (4096K), 3 survivors (3072K)
 Metaspace       used 26867K, committed 27136K, reserved 1114112K
  class space    used 3460K, committed 3584K, reserved 1048576K
}
Event: 3.115 GC heap after
{Heap after GC invocations=6 (full 0):
 garbage-first heap   total 71680K, used 20696K [0x0000000080000000, 0x0000000100000000)
  region size 1024K, 1 young (1024K), 1 survivors (1024K)
 Metaspace       used 26867K, committed 27136K, reserved 1114112K
  class space    used 3460K, committed 3584K, reserved 1048576K
}
Event: 3.845 GC heap before
{Heap before GC invocations=6 (full 0):
 garbage-first heap   total 71680K, used 49368K [0x0000000080000000, 0x0000000100000000)
  region size 1024K, 30 young (30720K), 1 survivors (1024K)
 Metaspace       used 30949K, committed 31232K, reserved 1114112K
  class space    used 4159K, committed 4288K, reserved 1048576K
}
Event: 3.850 GC heap after
{Heap after GC invocations=7 (full 0):
 garbage-first heap   total 71680K, used 22452K [0x0000000080000000, 0x0000000100000000)
  region size 1024K, 2 young (2048K), 2 survivors (2048K)
 Metaspace       used 30949K, committed 31232K, reserved 1114112K
  class space    used 4159K, committed 4288K, reserved 1048576K
}
Event: 4.698 GC heap before
{Heap before GC invocations=7 (full 0):
 garbage-first heap   total 71680K, used 62388K [0x0000000080000000, 0x0000000100000000)
  region size 1024K, 32 young (32768K), 2 survivors (2048K)
 Metaspace       used 34229K, committed 34560K, reserved 1114112K
  class space    used 4661K, committed 4800K, reserved 1048576K
}
Event: 4.704 GC heap after
{Heap after GC invocations=8 (full 0):
 garbage-first heap   total 72704K, used 39256K [0x0000000080000000, 0x0000000100000000)
  region size 1024K, 4 young (4096K), 4 survivors (4096K)
 Metaspace       used 34229K, committed 34560K, reserved 1114112K
  class space    used 4661K, committed 4800K, reserved 1048576K
}
Event: 4.968 GC heap before
{Heap before GC invocations=8 (full 0):
 garbage-first heap   total 72704K, used 50520K [0x0000000080000000, 0x0000000100000000)
  region size 1024K, 16 young (16384K), 4 survivors (4096K)
 Metaspace       used 35766K, committed 36096K, reserved 1114112K
  class space    used 4900K, committed 5056K, reserved 1048576K
}
Event: 4.972 GC heap after
{Heap after GC invocations=9 (full 0):
 garbage-first heap   total 72704K, used 39791K [0x0000000080000000, 0x0000000100000000)
  region size 1024K, 1 young (1024K), 1 survivors (1024K)
 Metaspace       used 35766K, committed 36096K, reserved 1114112K
  class space    used 4900K, committed 5056K, reserved 1048576K
}
Event: 5.363 GC heap before
{Heap before GC invocations=10 (full 0):
 garbage-first heap   total 72704K, used 56175K [0x0000000080000000, 0x0000000100000000)
  region size 1024K, 18 young (18432K), 1 survivors (1024K)
 Metaspace       used 38589K, committed 39040K, reserved 1114112K
  class space    used 5347K, committed 5568K, reserved 1048576K
}
Event: 5.367 GC heap after
{Heap after GC invocations=11 (full 0):
 garbage-first heap   total 72704K, used 40728K [0x0000000080000000, 0x0000000100000000)
  region size 1024K, 2 young (2048K), 2 survivors (2048K)
 Metaspace       used 38589K, committed 39040K, reserved 1114112K
  class space    used 5347K, committed 5568K, reserved 1048576K
}
Event: 5.385 GC heap before
{Heap before GC invocations=11 (full 0):
 garbage-first heap   total 72704K, used 41752K [0x0000000080000000, 0x0000000100000000)
  region size 1024K, 3 young (3072K), 2 survivors (2048K)
 Metaspace       used 38796K, committed 39232K, reserved 1114112K
  class space    used 5362K, committed 5568K, reserved 1048576K
}
Event: 5.388 GC heap after
{Heap after GC invocations=12 (full 0):
 garbage-first heap   total 72704K, used 40584K [0x0000000080000000, 0x0000000100000000)
  region size 1024K, 1 young (1024K), 1 survivors (1024K)
 Metaspace       used 38796K, committed 39232K, reserved 1114112K
  class space    used 5362K, committed 5568K, reserved 1048576K
}
Event: 5.834 GC heap before
{Heap before GC invocations=12 (full 0):
 garbage-first heap   total 72704K, used 56968K [0x0000000080000000, 0x0000000100000000)
  region size 1024K, 18 young (18432K), 1 survivors (1024K)
 Metaspace       used 43332K, committed 43712K, reserved 1114112K
  class space    used 5811K, committed 5952K, reserved 1048576K
}
Event: 5.839 GC heap after
{Heap after GC invocations=13 (full 0):
 garbage-first heap   total 136192K, used 42375K [0x0000000080000000, 0x0000000100000000)
  region size 1024K, 2 young (2048K), 2 survivors (2048K)
 Metaspace       used 43332K, committed 43712K, reserved 1114112K
  class space    used 5811K, committed 5952K, reserved 1048576K
}
Event: 7.088 GC heap before
{Heap before GC invocations=14 (full 0):
 garbage-first heap   total 136192K, used 99719K [0x0000000080000000, 0x0000000100000000)
  region size 1024K, 54 young (55296K), 2 survivors (2048K)
 Metaspace       used 48140K, committed 48576K, reserved 1114112K
  class space    used 6374K, committed 6592K, reserved 1048576K
}
Event: 7.094 GC heap after
{Heap after GC invocations=15 (full 0):
 garbage-first heap   total 136192K, used 47192K [0x0000000080000000, 0x0000000100000000)
  region size 1024K, 7 young (7168K), 7 survivors (7168K)
 Metaspace       used 48140K, committed 48576K, reserved 1114112K
  class space    used 6374K, committed 6592K, reserved 1048576K
}
Event: 8.278 GC heap before
{Heap before GC invocations=15 (full 0):
 garbage-first heap   total 136192K, used 103512K [0x0000000080000000, 0x0000000100000000)
  region size 1024K, 58 young (59392K), 7 survivors (7168K)
 Metaspace       used 52203K, committed 52672K, reserved 1114112K
  class space    used 6856K, committed 7040K, reserved 1048576K
}
Event: 8.288 GC heap after
{Heap after GC invocations=16 (full 0):
 garbage-first heap   total 136192K, used 54739K [0x0000000080000000, 0x0000000100000000)
  region size 1024K, 5 young (5120K), 5 survivors (5120K)
 Metaspace       used 52203K, committed 52672K, reserved 1114112K
  class space    used 6856K, committed 7040K, reserved 1048576K
}
Event: 9.595 GC heap before
{Heap before GC invocations=16 (full 0):
 garbage-first heap   total 136192K, used 102867K [0x0000000080000000, 0x0000000100000000)
  region size 1024K, 53 young (54272K), 5 survivors (5120K)
 Metaspace       used 59430K, committed 59968K, reserved 1114112K
  class space    used 8299K, committed 8512K, reserved 1048576K
}
Event: 9.601 GC heap after
{Heap after GC invocations=17 (full 0):
 garbage-first heap   total 136192K, used 56684K [0x0000000080000000, 0x0000000100000000)
  region size 1024K, 3 young (3072K), 3 survivors (3072K)
 Metaspace       used 59430K, committed 59968K, reserved 1114112K
  class space    used 8299K, committed 8512K, reserved 1048576K
}

Dll operation events (3 events):
Event: 0.013 Loaded shared library E:\android\jbr\bin\java.dll
Event: 0.136 Loaded shared library E:\android\jbr\bin\zip.dll
Event: 0.477 Loaded shared library E:\android\jbr\bin\verify.dll

Deoptimization events (20 events):
Event: 9.118 Thread 0x0000021193b53880 Uncommon trap: trap_request=0xffffff45 fr.pc=0x0000021187ccb270 relative=0x0000000000001350
Event: 9.118 Thread 0x0000021193b53880 Uncommon trap: reason=unstable_if action=reinterpret pc=0x0000021187ccb270 method=java.util.concurrent.ConcurrentHashMap.putVal(Ljava/lang/Object;Ljava/lang/Object;Z)Ljava/lang/Object; @ 245 c2
Event: 9.118 Thread 0x0000021193b53880 DEOPT PACKING pc=0x0000021187ccb270 sp=0x000000b1898f6da0
Event: 9.118 Thread 0x0000021193b53880 DEOPT UNPACKING pc=0x00000211875869a3 sp=0x000000b1898f6d28 mode 2
Event: 9.120 Thread 0x0000021193b53880 Uncommon trap: trap_request=0xffffff45 fr.pc=0x0000021187b92f84 relative=0x0000000000000084
Event: 9.120 Thread 0x0000021193b53880 Uncommon trap: reason=unstable_if action=reinterpret pc=0x0000021187b92f84 method=java.lang.CharacterDataLatin1.isWhitespace(I)Z @ 14 c2
Event: 9.120 Thread 0x0000021193b53880 DEOPT PACKING pc=0x0000021187b92f84 sp=0x000000b1898f7780
Event: 9.120 Thread 0x0000021193b53880 DEOPT UNPACKING pc=0x00000211875869a3 sp=0x000000b1898f76f0 mode 2
Event: 9.299 Thread 0x0000021193b53880 Uncommon trap: trap_request=0xffffff45 fr.pc=0x0000021187b20ec0 relative=0x0000000000000940
Event: 9.299 Thread 0x0000021193b53880 Uncommon trap: reason=unstable_if action=reinterpret pc=0x0000021187b20ec0 method=java.util.jar.JarFile.getEntry(Ljava/lang/String;)Ljava/util/zip/ZipEntry; @ 15 c2
Event: 9.299 Thread 0x0000021193b53880 DEOPT PACKING pc=0x0000021187b20ec0 sp=0x000000b1898f5b60
Event: 9.299 Thread 0x0000021193b53880 DEOPT UNPACKING pc=0x00000211875869a3 sp=0x000000b1898f5b48 mode 2
Event: 9.479 Thread 0x0000021193b53880 Uncommon trap: trap_request=0xffffff45 fr.pc=0x0000021187b0eea4 relative=0x0000000000000664
Event: 9.479 Thread 0x0000021193b53880 Uncommon trap: reason=unstable_if action=reinterpret pc=0x0000021187b0eea4 method=java.lang.AbstractStringBuilder.append(Ljava/lang/String;)Ljava/lang/AbstractStringBuilder; @ 1 c2
Event: 9.479 Thread 0x0000021193b53880 DEOPT PACKING pc=0x0000021187b0eea4 sp=0x000000b1898f5f90
Event: 9.479 Thread 0x0000021193b53880 DEOPT UNPACKING pc=0x00000211875869a3 sp=0x000000b1898f5f10 mode 2
Event: 9.606 Thread 0x0000021193b53880 Uncommon trap: trap_request=0xffffff45 fr.pc=0x0000021187b27a24 relative=0x0000000000000664
Event: 9.606 Thread 0x0000021193b53880 Uncommon trap: reason=unstable_if action=reinterpret pc=0x0000021187b27a24 method=java.lang.AbstractStringBuilder.append(Ljava/lang/String;)Ljava/lang/AbstractStringBuilder; @ 1 c2
Event: 9.606 Thread 0x0000021193b53880 DEOPT PACKING pc=0x0000021187b27a24 sp=0x000000b1898f6570
Event: 9.606 Thread 0x0000021193b53880 DEOPT UNPACKING pc=0x00000211875869a3 sp=0x000000b1898f6558 mode 2

Classes unloaded (0 events):
No events

Classes redefined (0 events):
No events

Internal exceptions (20 events):
Event: 8.043 Thread 0x0000021193b53880 Exception <a 'sun/nio/fs/WindowsException'{0x0000000085f2def8}> (0x0000000085f2def8) 
thrown [s\src\hotspot\share\prims\jni.cpp, line 517]
Event: 8.047 Thread 0x0000021193b53880 Exception <a 'java/lang/NoSuchMethodError'{0x0000000085f3fe50}: 'java.lang.Object java.lang.invoke.Invokers$Holder.invoker(java.lang.Object, java.lang.Object, java.lang.Object, java.lang.Object, java.lang.Object, java.lang.Object, java.lang.Object, java.lang.Object, java.lang.Object)'> (0x0000000085f3fe50) 
thrown [s\src\hotspot\share\interpreter\linkResolver.cpp, line 771]
Event: 8.069 Thread 0x0000021193b53880 Exception <a 'java/lang/NoSuchMethodError'{0x0000000085ff5520}: 'java.lang.Object java.lang.invoke.Invokers$Holder.invoker(java.lang.Object, java.lang.Object, java.lang.Object, java.lang.Object)'> (0x0000000085ff5520) 
thrown [s\src\hotspot\share\interpreter\linkResolver.cpp, line 771]
Event: 8.103 Thread 0x0000021193b53880 Exception <a 'java/lang/NoSuchMethodError'{0x0000000085ea4050}: 'java.lang.Object java.lang.invoke.DelegatingMethodHandle$Holder.reinvoke_L(java.lang.Object, java.lang.Object, java.lang.Object, java.lang.Object, java.lang.Object, java.lang.Object, java.lang.Object, java.lang.Object, java.lang.Object, java.lang.Object, java.lang.Object, java.lang.Object, java.lang.Object, java.lang.Object, java.lang.Object, java.lang.Object, java.lang.Object, java.lang.Object, java.lang.Object, java.lang.Object, java.lang.O
Event: 8.105 Thread 0x0000021193b53880 Exception <a 'java/lang/NoSuchMethodError'{0x0000000085eafc08}: 'java.lang.Object java.lang.invoke.Invokers$Holder.invoker(java.lang.Object, java.lang.Object, java.lang.Object, java.lang.Object, java.lang.Object, java.lang.Object, java.lang.Object, java.lang.Object, java.lang.Object, java.lang.Object, java.lang.Object, java.lang.Object, java.lang.Object, java.lang.Object, java.lang.Object, java.lang.Object, java.lang.Object, java.lang.Object, java.lang.Object, java.lang.Object, java.lang.Object, java.lang.
Event: 8.105 Thread 0x0000021193b53880 Exception <a 'java/lang/NoSuchMethodError'{0x0000000085eb6810}: 'java.lang.Object java.lang.invoke.DelegatingMethodHandle$Holder.delegate(java.lang.Object, java.lang.Object, java.lang.Object, java.lang.Object, java.lang.Object, java.lang.Object, java.lang.Object, java.lang.Object, java.lang.Object, java.lang.Object, java.lang.Object, java.lang.Object, java.lang.Object, java.lang.Object, java.lang.Object, java.lang.Object, java.lang.Object, java.lang.Object, java.lang.Object, java.lang.Object, java.lang.Obj
Event: 8.125 Thread 0x0000021193b53880 Exception <a 'java/lang/NoSuchMethodError'{0x0000000085d309a8}: 'java.lang.Object java.lang.invoke.DirectMethodHandle$Holder.invokeStatic(java.lang.Object, java.lang.Object, java.lang.Object, java.lang.Object, java.lang.Object, java.lang.Object, java.lang.Object, java.lang.Object, java.lang.Object, java.lang.Object, java.lang.Object, java.lang.Object, java.lang.Object, java.lang.Object, java.lang.Object, java.lang.Object, java.lang.Object)'> (0x0000000085d309a8) 
thrown [s\src\hotspot\share\interpreter\lin
Event: 8.129 Thread 0x0000021193b53880 Exception <a 'java/lang/NoSuchMethodError'{0x0000000085d59d50}: 'java.lang.Object java.lang.invoke.DirectMethodHandle$Holder.invokeStatic(java.lang.Object, java.lang.Object, java.lang.Object, java.lang.Object, java.lang.Object, java.lang.Object, java.lang.Object, java.lang.Object, java.lang.Object, java.lang.Object, java.lang.Object, java.lang.Object, java.lang.Object, java.lang.Object, java.lang.Object, java.lang.Object, java.lang.Object, java.lang.Object)'> (0x0000000085d59d50) 
thrown [s\src\hotspot\sha
Event: 8.132 Thread 0x0000021193b53880 Exception <a 'java/lang/NoSuchMethodError'{0x0000000085d847e0}: 'java.lang.Object java.lang.invoke.DirectMethodHandle$Holder.invokeStatic(java.lang.Object, java.lang.Object, java.lang.Object, java.lang.Object, java.lang.Object, java.lang.Object, java.lang.Object, java.lang.Object, java.lang.Object, java.lang.Object, java.lang.Object, java.lang.Object, java.lang.Object, java.lang.Object, java.lang.Object, java.lang.Object, java.lang.Object, java.lang.Object, java.lang.Object)'> (0x0000000085d847e0) 
thrown 
Event: 8.134 Thread 0x0000021193b53880 Exception <a 'java/lang/NoSuchMethodError'{0x0000000085dafac8}: 'java.lang.Object java.lang.invoke.DirectMethodHandle$Holder.invokeStatic(java.lang.Object, java.lang.Object, java.lang.Object, java.lang.Object, java.lang.Object, java.lang.Object, java.lang.Object, java.lang.Object, java.lang.Object, java.lang.Object, java.lang.Object, java.lang.Object, java.lang.Object, java.lang.Object, java.lang.Object, java.lang.Object, java.lang.Object, java.lang.Object, java.lang.Object, java.lang.Object)'> (0x00000000
Event: 8.137 Thread 0x0000021193b53880 Exception <a 'java/lang/NoSuchMethodError'{0x0000000085ddbea8}: 'java.lang.Object java.lang.invoke.DirectMethodHandle$Holder.invokeStatic(java.lang.Object, java.lang.Object, java.lang.Object, java.lang.Object, java.lang.Object, java.lang.Object, java.lang.Object, java.lang.Object, java.lang.Object, java.lang.Object, java.lang.Object, java.lang.Object, java.lang.Object, java.lang.Object, java.lang.Object, java.lang.Object, java.lang.Object, java.lang.Object, java.lang.Object, java.lang.Object, java.lang.Obj
Event: 8.141 Thread 0x0000021193b53880 Exception <a 'java/lang/NoSuchMethodError'{0x0000000085c09880}: 'java.lang.Object java.lang.invoke.DirectMethodHandle$Holder.invokeStatic(java.lang.Object, java.lang.Object, java.lang.Object, java.lang.Object, java.lang.Object, java.lang.Object, java.lang.Object, java.lang.Object, java.lang.Object, java.lang.Object, java.lang.Object, java.lang.Object, java.lang.Object, java.lang.Object, java.lang.Object, java.lang.Object, java.lang.Object, java.lang.Object, java.lang.Object, java.lang.Object, java.lang.Obj
Event: 8.145 Thread 0x0000021193b53880 Exception <a 'java/lang/NoSuchMethodError'{0x0000000085c37760}: 'java.lang.Object java.lang.invoke.DirectMethodHandle$Holder.invokeStatic(java.lang.Object, java.lang.Object, java.lang.Object, java.lang.Object, java.lang.Object, java.lang.Object, java.lang.Object, java.lang.Object, java.lang.Object, java.lang.Object, java.lang.Object, java.lang.Object, java.lang.Object, java.lang.Object, java.lang.Object, java.lang.Object, java.lang.Object, java.lang.Object, java.lang.Object, java.lang.Object, java.lang.Obj
Event: 8.148 Thread 0x0000021193b53880 Exception <a 'java/lang/NoSuchMethodError'{0x0000000085c672a8}: 'java.lang.Object java.lang.invoke.DirectMethodHandle$Holder.invokeStatic(java.lang.Object, java.lang.Object, java.lang.Object, java.lang.Object, java.lang.Object, java.lang.Object, java.lang.Object, java.lang.Object, java.lang.Object, java.lang.Object, java.lang.Object, java.lang.Object, java.lang.Object, java.lang.Object, java.lang.Object, java.lang.Object, java.lang.Object, java.lang.Object, java.lang.Object, java.lang.Object, java.lang.Obj
Event: 8.151 Thread 0x0000021193b53880 Exception <a 'java/lang/NoSuchMethodError'{0x0000000085c98b10}: 'java.lang.Object java.lang.invoke.DirectMethodHandle$Holder.invokeStatic(java.lang.Object, java.lang.Object, java.lang.Object, java.lang.Object, java.lang.Object, java.lang.Object, java.lang.Object, java.lang.Object, java.lang.Object, java.lang.Object, java.lang.Object, java.lang.Object, java.lang.Object, java.lang.Object, java.lang.Object, java.lang.Object, java.lang.Object, java.lang.Object, java.lang.Object, java.lang.Object, java.lang.Obj
Event: 8.304 Thread 0x0000021193b53880 Exception <a 'java/lang/IncompatibleClassChangeError'{0x0000000088209be8}: Found class java.lang.Object, but interface was expected> (0x0000000088209be8) 
thrown [s\src\hotspot\share\interpreter\linkResolver.cpp, line 838]
Event: 8.384 Thread 0x0000021193b53880 Exception <a 'java/lang/IncompatibleClassChangeError'{0x0000000088024bd8}: Found class java.lang.Object, but interface was expected> (0x0000000088024bd8) 
thrown [s\src\hotspot\share\interpreter\linkResolver.cpp, line 838]
Event: 8.462 Thread 0x0000021193b53880 Exception <a 'java/lang/NoSuchMethodError'{0x0000000087d5ab80}: 'java.lang.Object java.lang.invoke.DirectMethodHandle$Holder.invokeStaticInit(java.lang.Object, int)'> (0x0000000087d5ab80) 
thrown [s\src\hotspot\share\interpreter\linkResolver.cpp, line 771]
Event: 9.479 Thread 0x0000021193b53880 Implicit null exception at 0x0000021187b0e872 to 0x0000021187b0ee8c
Event: 9.606 Thread 0x0000021193b53880 Implicit null exception at 0x0000021187b273f2 to 0x0000021187b27a0c

VM Operations (20 events):
Event: 8.189 Executing VM operation: HandshakeAllThreads
Event: 8.189 Executing VM operation: HandshakeAllThreads done
Event: 8.238 Executing VM operation: HandshakeAllThreads
Event: 8.238 Executing VM operation: HandshakeAllThreads done
Event: 8.278 Executing VM operation: G1CollectForAllocation
Event: 8.288 Executing VM operation: G1CollectForAllocation done
Event: 8.306 Executing VM operation: HandshakeAllThreads
Event: 8.306 Executing VM operation: HandshakeAllThreads done
Event: 8.452 Executing VM operation: HandshakeAllThreads
Event: 8.452 Executing VM operation: HandshakeAllThreads done
Event: 8.460 Executing VM operation: HandshakeAllThreads
Event: 8.460 Executing VM operation: HandshakeAllThreads done
Event: 8.579 Executing VM operation: HandshakeAllThreads
Event: 8.579 Executing VM operation: HandshakeAllThreads done
Event: 8.584 Executing VM operation: HandshakeAllThreads
Event: 8.584 Executing VM operation: HandshakeAllThreads done
Event: 9.587 Executing VM operation: Cleanup
Event: 9.587 Executing VM operation: Cleanup done
Event: 9.595 Executing VM operation: G1CollectForAllocation
Event: 9.601 Executing VM operation: G1CollectForAllocation done

Events (20 events):
Event: 8.244 Thread 0x00000211feccb260 flushing nmethod 0x0000021180790e90
Event: 8.244 Thread 0x00000211feccb260 flushing nmethod 0x00000211807a7910
Event: 8.244 Thread 0x00000211feccb260 flushing nmethod 0x000002118089c810
Event: 8.452 loading class java/util/EmptyStackException
Event: 8.452 loading class java/util/EmptyStackException done
Event: 8.677 Thread 0x00000211ff00d600 Thread exited: 0x00000211ff00d600
Event: 9.100 Thread 0x00000211962e8a00 Thread added: 0x00000211962e8a00
Event: 9.249 loading class java/util/concurrent/atomic/AtomicReferenceFieldUpdater
Event: 9.249 loading class java/util/concurrent/atomic/AtomicReferenceFieldUpdater done
Event: 9.249 loading class java/util/concurrent/atomic/AtomicReferenceFieldUpdater$AtomicReferenceFieldUpdaterImpl
Event: 9.250 loading class java/util/concurrent/atomic/AtomicReferenceFieldUpdater$AtomicReferenceFieldUpdaterImpl done
Event: 9.250 loading class java/util/concurrent/atomic/AtomicReferenceFieldUpdater$AtomicReferenceFieldUpdaterImpl$1
Event: 9.250 loading class java/util/concurrent/atomic/AtomicReferenceFieldUpdater$AtomicReferenceFieldUpdaterImpl$1 done
Event: 9.638 Thread 0x00000211962e8a00 Thread exited: 0x00000211962e8a00
Event: 9.642 loading class java/lang/Override
Event: 9.642 loading class java/lang/Override done
Event: 9.726 loading class java/util/ArrayList$SubList$1
Event: 9.727 loading class java/util/ArrayList$SubList$1 done
Event: 9.789 loading class java/util/Stack
Event: 9.790 loading class java/util/Stack done


Dynamic libraries:
0x00007ff71bae0000 - 0x00007ff71baea000 	E:\android\jbr\bin\java.exe
0x00007ffe85130000 - 0x00007ffe85347000 	C:\WINDOWS\SYSTEM32\ntdll.dll
0x00007ffe834f0000 - 0x00007ffe835b4000 	C:\WINDOWS\System32\KERNEL32.DLL
0x00007ffe82970000 - 0x00007ffe82d1d000 	C:\WINDOWS\System32\KERNELBASE.dll
0x00007ffe82850000 - 0x00007ffe82961000 	C:\WINDOWS\System32\ucrtbase.dll
0x00007ffe6a5d0000 - 0x00007ffe6a5e7000 	E:\android\jbr\bin\jli.dll
0x00007ffe69d90000 - 0x00007ffe69dab000 	E:\android\jbr\bin\VCRUNTIME140.dll
0x00007ffe84680000 - 0x00007ffe8482e000 	C:\WINDOWS\System32\USER32.dll
0x00007ffe82700000 - 0x00007ffe82726000 	C:\WINDOWS\System32\win32u.dll
0x00007ffe835c0000 - 0x00007ffe835e9000 	C:\WINDOWS\System32\GDI32.dll
0x00007ffe601d0000 - 0x00007ffe60463000 	C:\WINDOWS\WinSxS\amd64_microsoft.windows.common-controls_6595b64144ccf1df_6.0.22621.3672_none_2713b9d173822955\COMCTL32.dll
0x00007ffe82730000 - 0x00007ffe82849000 	C:\WINDOWS\System32\gdi32full.dll
0x00007ffe85040000 - 0x00007ffe850e7000 	C:\WINDOWS\System32\msvcrt.dll
0x00007ffe82660000 - 0x00007ffe826fa000 	C:\WINDOWS\System32\msvcp_win.dll
0x00007ffe845b0000 - 0x00007ffe845e1000 	C:\WINDOWS\System32\IMM32.DLL
0x00007ffe7b530000 - 0x00007ffe7b53c000 	E:\android\jbr\bin\vcruntime140_1.dll
0x00007ffe30cb0000 - 0x00007ffe30d3d000 	E:\android\jbr\bin\msvcp140.dll
0x00007ffe02ed0000 - 0x00007ffe03b53000 	E:\android\jbr\bin\server\jvm.dll
0x00007ffe843e0000 - 0x00007ffe84492000 	C:\WINDOWS\System32\ADVAPI32.dll
0x00007ffe84500000 - 0x00007ffe845a9000 	C:\WINDOWS\System32\sechost.dll
0x00007ffe82450000 - 0x00007ffe82478000 	C:\WINDOWS\System32\bcrypt.dll
0x00007ffe83270000 - 0x00007ffe83384000 	C:\WINDOWS\System32\RPCRT4.dll
0x00007ffe812c0000 - 0x00007ffe8130d000 	C:\WINDOWS\SYSTEM32\POWRPROF.dll
0x00007ffe66480000 - 0x00007ffe66489000 	C:\WINDOWS\SYSTEM32\WSOCK32.dll
0x00007ffe83470000 - 0x00007ffe834e1000 	C:\WINDOWS\System32\WS2_32.dll
0x00007ffe7fe70000 - 0x00007ffe7fea4000 	C:\WINDOWS\SYSTEM32\WINMM.dll
0x00007ffe7a110000 - 0x00007ffe7a11a000 	C:\WINDOWS\SYSTEM32\VERSION.dll
0x00007ffe812a0000 - 0x00007ffe812b3000 	C:\WINDOWS\SYSTEM32\UMPDC.dll
0x00007ffe81550000 - 0x00007ffe81568000 	C:\WINDOWS\SYSTEM32\kernel.appcore.dll
0x00007ffe7bf40000 - 0x00007ffe7bf4a000 	E:\android\jbr\bin\jimage.dll
0x00007ffe7fc00000 - 0x00007ffe7fe32000 	C:\WINDOWS\SYSTEM32\DBGHELP.DLL
0x00007ffe84830000 - 0x00007ffe84bbe000 	C:\WINDOWS\System32\combase.dll
0x00007ffe83390000 - 0x00007ffe83467000 	C:\WINDOWS\System32\OLEAUT32.dll
0x00007ffe6a0d0000 - 0x00007ffe6a102000 	C:\WINDOWS\SYSTEM32\dbgcore.DLL
0x00007ffe82d20000 - 0x00007ffe82d9b000 	C:\WINDOWS\System32\bcryptPrimitives.dll
0x00007ffe6a680000 - 0x00007ffe6a68e000 	E:\android\jbr\bin\instrument.dll
0x00007ffe6a530000 - 0x00007ffe6a555000 	E:\android\jbr\bin\java.dll
0x00007ffe74c30000 - 0x00007ffe74c48000 	E:\android\jbr\bin\zip.dll
0x00007ffe83b50000 - 0x00007ffe843b7000 	C:\WINDOWS\System32\SHELL32.dll
0x00007ffe80390000 - 0x00007ffe80c8f000 	C:\WINDOWS\SYSTEM32\windows.storage.dll
0x00007ffe80250000 - 0x00007ffe8038f000 	C:\WINDOWS\SYSTEM32\wintypes.dll
0x00007ffe82ea0000 - 0x00007ffe82f99000 	C:\WINDOWS\System32\SHCORE.dll
0x00007ffe844a0000 - 0x00007ffe844fe000 	C:\WINDOWS\System32\shlwapi.dll
0x00007ffe82380000 - 0x00007ffe823a7000 	C:\WINDOWS\SYSTEM32\profapi.dll
0x00007ffe6a830000 - 0x00007ffe6a849000 	E:\android\jbr\bin\net.dll
0x00007ffe7f630000 - 0x00007ffe7f766000 	C:\WINDOWS\SYSTEM32\WINHTTP.dll
0x00007ffe819b0000 - 0x00007ffe81a19000 	C:\WINDOWS\system32\mswsock.dll
0x00007ffe6a730000 - 0x00007ffe6a746000 	E:\android\jbr\bin\nio.dll
0x00007ffe78590000 - 0x00007ffe785a0000 	E:\android\jbr\bin\verify.dll
0x00007ffe69cc0000 - 0x00007ffe69ce7000 	C:\Users\Dahoo\.gradle\native\c067742578af261105cb4f569cf0c3c89f3d7b1fecec35dd04571415982c5e48\windows-amd64\native-platform.dll
0x00007ffe2f290000 - 0x00007ffe2f3d4000 	C:\Users\Dahoo\.gradle\native\38dada09dfb8b06ba9b0570ebf7e218e3eb74d4ef43ca46872605cf95ebc2f47\windows-amd64\native-platform-file-events.dll
0x00007ffe7b540000 - 0x00007ffe7b549000 	E:\android\jbr\bin\management.dll
0x00007ffe78b10000 - 0x00007ffe78b1b000 	E:\android\jbr\bin\management_ext.dll
0x00007ffe84670000 - 0x00007ffe84678000 	C:\WINDOWS\System32\PSAPI.DLL
0x00007ffe81ca0000 - 0x00007ffe81cbb000 	C:\WINDOWS\SYSTEM32\CRYPTSP.dll
0x00007ffe814b0000 - 0x00007ffe814e5000 	C:\WINDOWS\system32\rsaenh.dll
0x00007ffe81a50000 - 0x00007ffe81a78000 	C:\WINDOWS\SYSTEM32\USERENV.dll
0x00007ffe81bb0000 - 0x00007ffe81bbc000 	C:\WINDOWS\SYSTEM32\CRYPTBASE.dll
0x00007ffe80ee0000 - 0x00007ffe80f0d000 	C:\WINDOWS\SYSTEM32\IPHLPAPI.DLL
0x00007ffe82e80000 - 0x00007ffe82e89000 	C:\WINDOWS\System32\NSI.dll
0x00007ffe7d310000 - 0x00007ffe7d329000 	C:\WINDOWS\SYSTEM32\dhcpcsvc6.DLL
0x00007ffe7d240000 - 0x00007ffe7d25f000 	C:\WINDOWS\SYSTEM32\dhcpcsvc.DLL
0x00007ffe80f10000 - 0x00007ffe81008000 	C:\WINDOWS\SYSTEM32\DNSAPI.dll
0x00007ffe7beb0000 - 0x00007ffe7beb8000 	C:\WINDOWS\system32\wshunix.dll

dbghelp: loaded successfully - version: 4.0.5 - missing functions: none
symbol engine: initialized successfully - sym options: 0x614 - pdb path: .;E:\android\jbr\bin;C:\WINDOWS\SYSTEM32;C:\WINDOWS\WinSxS\amd64_microsoft.windows.common-controls_6595b64144ccf1df_6.0.22621.3672_none_2713b9d173822955;E:\android\jbr\bin\server;C:\Users\Dahoo\.gradle\native\c067742578af261105cb4f569cf0c3c89f3d7b1fecec35dd04571415982c5e48\windows-amd64;C:\Users\Dahoo\.gradle\native\38dada09dfb8b06ba9b0570ebf7e218e3eb74d4ef43ca46872605cf95ebc2f47\windows-amd64

VM Arguments:
jvm_args: --add-opens=java.base/java.util=ALL-UNNAMED --add-opens=java.base/java.lang=ALL-UNNAMED --add-opens=java.base/java.lang.invoke=ALL-UNNAMED --add-opens=java.prefs/java.util.prefs=ALL-UNNAMED --add-opens=java.base/java.nio.charset=ALL-UNNAMED --add-opens=java.base/java.net=ALL-UNNAMED --add-opens=java.base/java.util.concurrent.atomic=ALL-UNNAMED -Xmx2048m -Dfile.encoding=UTF-8 -Duser.country=US -Duser.language=en -Duser.variant -javaagent:C:\Users\Dahoo\.gradle\wrapper\dists\gradle-8.4-bin\1w5dpkrfk8irigvoxmyhowfim\gradle-8.4\lib\agents\gradle-instrumentation-agent-8.4.jar 
java_command: org.gradle.launcher.daemon.bootstrap.GradleDaemon 8.4
java_class_path (initial): C:\Users\Dahoo\.gradle\wrapper\dists\gradle-8.4-bin\1w5dpkrfk8irigvoxmyhowfim\gradle-8.4\lib\gradle-launcher-8.4.jar
Launcher Type: SUN_STANDARD

[Global flags]
     intx CICompilerCount                          = 4                                         {product} {ergonomic}
     uint ConcGCThreads                            = 2                                         {product} {ergonomic}
     uint G1ConcRefinementThreads                  = 8                                         {product} {ergonomic}
   size_t G1HeapRegionSize                         = 1048576                                   {product} {ergonomic}
    uintx GCDrainStackTargetSize                   = 64                                        {product} {ergonomic}
   size_t InitialHeapSize                          = 132120576                                 {product} {ergonomic}
   size_t MarkStackSize                            = 4194304                                   {product} {ergonomic}
   size_t MaxHeapSize                              = 2147483648                                {product} {command line}
   size_t MaxNewSize                               = 1287651328                                {product} {ergonomic}
   size_t MinHeapDeltaBytes                        = 1048576                                   {product} {ergonomic}
   size_t MinHeapSize                              = 8388608                                   {product} {ergonomic}
    uintx NonNMethodCodeHeapSize                   = 5839372                                {pd product} {ergonomic}
    uintx NonProfiledCodeHeapSize                  = 122909434                              {pd product} {ergonomic}
    uintx ProfiledCodeHeapSize                     = 122909434                              {pd product} {ergonomic}
    uintx ReservedCodeCacheSize                    = 251658240                              {pd product} {ergonomic}
     bool SegmentedCodeCache                       = true                                      {product} {ergonomic}
   size_t SoftMaxHeapSize                          = 2147483648                             {manageable} {ergonomic}
     bool UseCompressedClassPointers               = true                           {product lp64_product} {ergonomic}
     bool UseCompressedOops                        = true                           {product lp64_product} {ergonomic}
     bool UseG1GC                                  = true                                      {product} {ergonomic}
     bool UseLargePagesIndividualAllocation        = false                                  {pd product} {ergonomic}

Logging:
Log output configuration:
 #0: stdout all=warning uptime,level,tags
 #1: stderr all=off uptime,level,tags

Environment Variables:
JAVA_HOME=C:\Program Files\BellSoft\LibericaJDK-11-Full\
PATH=C:\Program Files (x86)\VMware\VMware Player\bin\;C:\Users\Dahoo\AppData\Roaming\npm;C:\Program Files\nodejs\;C:\Program Files\dotnet\;C:\Program Files\Microsoft SQL Server\150\Tools\Binn\;C:\apache-maven-3.9.8\bin;;C:\Program Files\Docker\Docker\resources\bin;C:\Program Files\MySQL\MySQL Shell 8.1\bin\;C:\Program Files (x86)\Common Files\Oracle\Java\javapath;C:\Windows\system32;C:\Windows;C:\Windows\System32\Wbem;C:\Windows\System32\WindowsPowerShell\v1.0\;C:\Windows\System32\OpenSSH\;C:\Program Files (x86)\Intel\Intel(R) Management Engine Components\DAL;C:\Program Files\Intel\Intel(R) Management Engine Components\DAL;C:\Program Files\Intel\WiFi\bin\;C:\Program Files\Common Files\Intel\WirelessCommon\;C:\Program Files (x86)\NVIDIA Corporation\PhysX\Common;C:\Program Files\dotnet\;C:\Program Files\Microsoft SQL Server\130\Tools\Binn\;C:\Program Files\Microsoft SQL Server\Client SDK\ODBC\170\Tools\Binn\;C:\Program Files (x86)\Microsoft SQL Server\150\DTS\Binn\;C:\Program Files (x86)\Microsoft SQL Server\150\Tools\Binn\;C:\Program Files\Microsoft SQL Server\150\Tools\Binn\;C:\Program Files\Microsoft SQL Server\150\DTS\Binn\;C:\Program Files (x86)\GtkSharp\2.12\bin;C:\Program Files\Git\cmd;C:\Program Files\nodejs\;C:\Users\Dahoo\AppData\Local\Microsoft\WindowsApps;C:\;C:\Users\Dahoo\AppData\Local\Programs\Microsoft VS Code\bin;C:\Users\Dahoo\Downloads\opencv\build\x64\vc16\bin;C:\Users\Dahoo\AppData\Roaming\npm;C:\Program Files\MongoDB\Server\7.0\bin;C:\Users\Dahoo\.dotnet\tools;
USERNAME=Dahoo
OS=Windows_NT
PROCESSOR_IDENTIFIER=Intel64 Family 6 Model 142 Stepping 12, GenuineIntel
TMP=C:\Users\Dahoo\AppData\Local\Temp
TEMP=C:\Users\Dahoo\AppData\Local\Temp



Periodic native trim disabled

JNI global refs:
JNI global refs: 26, weak refs: 0

JNI global refs memory usage: 843, weak refs: 841

OOME stack traces (most recent first):
Classloader memory used:
Loader org.gradle.internal.classloader.VisitableURLClassLoader                         : 4213K
Loader bootstrap                                                                       : 2428K
Loader org.gradle.initialization.MixInLegacyTypesClassLoader                           : 729K
Loader org.gradle.internal.classloader.VisitableURLClassLoader$InstrumentingVisitableURLClassLoader: 82140B
Loader jdk.internal.loader.ClassLoaders$PlatformClassLoader                            : 64930B
Loader org.gradle.internal.classloader.VisitableURLClassLoader                         : 53011B
Loader jdk.internal.loader.ClassLoaders$AppClassLoader                                 : 28460B
Loader jdk.internal.reflect.DelegatingClassLoader                                      : 24954B
Loader org.gradle.groovy.scripts.internal.DefaultScriptCompilationHandler$ScriptClassLoader: 10812B
Loader org.codehaus.groovy.runtime.callsite.CallSiteClassLoader                        : 5997B

Classes loaded by more than one classloader:
Class org.gradle.api.GradleException                                                  : loaded 3 times (x 80B)
Class org.gradle.util.GradleVersion                                                   : loaded 2 times (x 81B)
Class org.jetbrains.plugins.gradle.model.MavenRepositoryModel                         : loaded 2 times (x 68B)
Class org.gradle.internal.classpath.ClassPath                                         : loaded 2 times (x 68B)
Class org.gradle.api.internal.classpath.DefaultModuleRegistry                         : loaded 2 times (x 84B)
Class org.gradle.internal.exceptions.NonGradleCauseExceptionsHolder                   : loaded 2 times (x 68B)
Class com.intellij.openapi.externalSystem.model.ExternalSystemException               : loaded 2 times (x 84B)
Class org.gradle.api.Action                                                           : loaded 2 times (x 68B)
Class org.jetbrains.plugins.gradle.model.ExternalProject                              : loaded 2 times (x 68B)
Class org.gradle.api.internal.DefaultClassPathProvider                                : loaded 2 times (x 74B)
Class org.gradle.internal.installation.GradleInstallation$1                           : loaded 2 times (x 73B)
Class org.gradle.internal.exceptions.DefaultMultiCauseException                       : loaded 2 times (x 89B)
Class org.gradle.internal.time.MonotonicClock                                         : loaded 2 times (x 75B)
Class org.gradle.internal.classloader.FilteringClassLoader                            : loaded 2 times (x 103B)
Class org.gradle.tooling.model.Model                                                  : loaded 2 times (x 68B)
Class org.gradle.internal.classpath.DefaultClassPath$ImmutableUniqueList$Builder      : loaded 2 times (x 73B)
Class org.gradle.internal.classloader.ClassLoaderVisitor                              : loaded 2 times (x 74B)
Class org.gradle.internal.time.DefaultCountdownTimer                                  : loaded 2 times (x 86B)
Class org.gradle.internal.service.DefaultServiceLocator                               : loaded 2 times (x 81B)
Class org.gradle.internal.service.UnknownServiceException                             : loaded 2 times (x 81B)
Class org.gradle.internal.classloader.DefaultClassLoaderFactory                       : loaded 2 times (x 80B)
Class org.gradle.internal.classloader.VisitableURLClassLoader$Spec                    : loaded 2 times (x 72B)
Class org.gradle.tooling.model.ProjectModel                                           : loaded 2 times (x 68B)
Class org.gradle.internal.installation.GradleInstallation                             : loaded 2 times (x 73B)
Class org.gradle.api.internal.classpath.ModuleRegistry                                : loaded 2 times (x 68B)
Class org.jetbrains.plugins.gradle.model.RepositoriesModel                            : loaded 2 times (x 68B)
Class kotlin.jvm.internal.markers.KMappedMarker                                       : loaded 2 times (x 68B)
Class org.gradle.api.internal.ClassPathProvider                                       : loaded 2 times (x 68B)
Class org.gradle.internal.classloader.ClasspathUtil$1                                 : loaded 2 times (x 74B)
Class org.gradle.internal.classloader.ClassLoaderFactory                              : loaded 2 times (x 68B)
Class ijInit1_eisjyok2r4h2lkg4ji8zq3cp6                                               : loaded 2 times (x 177B)
Class org.gradle.api.internal.classpath.ManifestUtil                                  : loaded 2 times (x 69B)
Class org.gradle.api.specs.Spec                                                       : loaded 2 times (x 68B)
Class org.gradle.internal.IoActions                                                   : loaded 2 times (x 69B)
Class org.gradle.api.internal.classpath.EffectiveClassPath                            : loaded 2 times (x 88B)
Class kotlin.jvm.internal.DefaultConstructorMarker                                    : loaded 2 times (x 69B)
Class org.gradle.internal.installation.CurrentGradleInstallation                      : loaded 2 times (x 71B)
Class org.gradle.internal.agents.InstrumentingClassLoader                             : loaded 2 times (x 68B)
Class org.gradle.internal.installation.CurrentGradleInstallationLocator               : loaded 2 times (x 69B)
Class org.gradle.api.internal.classpath.Module                                        : loaded 2 times (x 68B)
Class org.gradle.internal.service.CachingServiceLocator                               : loaded 2 times (x 80B)
Class org.gradle.internal.time.Timer                                                  : loaded 2 times (x 68B)
Class org.gradle.internal.classpath.DefaultClassPath                                  : loaded 2 times (x 88B)
Class kotlin.jvm.functions.Function1                                                  : loaded 2 times (x 68B)
Class org.gradle.internal.time.Time                                                   : loaded 2 times (x 69B)
Class org.gradle.internal.time.TimeSource$1                                           : loaded 2 times (x 75B)
Class org.gradle.internal.classloader.SystemClassLoaderSpec                           : loaded 2 times (x 69B)
Class kotlin.Function                                                                 : loaded 2 times (x 68B)
Class org.gradle.api.UncheckedIOException                                             : loaded 2 times (x 80B)
Class org.gradle.internal.time.Clock                                                  : loaded 2 times (x 68B)
Class org.gradle.internal.time.CountdownTimer                                         : loaded 2 times (x 68B)
Class org.gradle.internal.classloader.ClasspathUtil                                   : loaded 2 times (x 69B)
Class org.gradle.api.internal.DefaultClassPathRegistry                                : loaded 2 times (x 74B)
Class org.gradle.api.internal.classpath.DefaultModuleRegistry$DefaultModule           : loaded 2 times (x 84B)
Class org.gradle.internal.time.TimeSource                                             : loaded 2 times (x 68B)
Class sync_studio_tooling2_etus0g826zprif04oo5tpefr7                                  : loaded 2 times (x 177B)
Class org.gradle.api.internal.classpath.UnknownModuleException                        : loaded 2 times (x 80B)
Class org.gradle.internal.service.ServiceLookupException                              : loaded 2 times (x 80B)
Class org.gradle.cache.GlobalCache                                                    : loaded 2 times (x 68B)
Class [Lorg.gradle.api.internal.ClassPathProvider;                                    : loaded 2 times (x 67B)
Class org.gradle.internal.operations.MultipleBuildOperationFailures                   : loaded 2 times (x 89B)
Class org.gradle.util.internal.GUtil                                                  : loaded 2 times (x 69B)
Class org.gradle.internal.classloader.ClassLoaderSpec                                 : loaded 2 times (x 69B)
Class org.gradle.internal.classloader.VisitableURLClassLoader                         : loaded 2 times (x 115B)
Class org.gradle.internal.Cast                                                        : loaded 2 times (x 69B)
Class org.gradle.api.internal.ClassPathRegistry                                       : loaded 2 times (x 68B)
Class org.gradle.internal.classloader.VisitableURLClassLoader$InstrumentingVisitableURLClassLoader: loaded 2 times (x 121B)
Class org.gradle.internal.classloader.ClassLoaderHierarchy                            : loaded 2 times (x 68B)
Class org.gradle.internal.exceptions.MultiCauseException                              : loaded 2 times (x 68B)
Class sync_studio_tooling2_etus0g826zprif04oo5tpefr7$_run_closure1                    : loaded 2 times (x 137B)
Class org.gradle.internal.InternalTransformer                                         : loaded 2 times (x 68B)
Class org.gradle.internal.service.ServiceLocator                                      : loaded 2 times (x 68B)
Class org.gradle.internal.classpath.DefaultClassPath$ImmutableUniqueList              : loaded 2 times (x 159B)
Class org.gradle.internal.time.DefaultTimer                                           : loaded 2 times (x 78B)
Class org.gradle.internal.classpath.TransformedClassPath                              : loaded 2 times (x 94B)


---------------  S Y S T E M  ---------------

OS:
 Windows 11 , 64 bit Build 22621 (10.0.22621.3958)
OS uptime: 0 days 21:21 hours
Hyper-V role detected

CPU: total 8 (initial active 8) (4 cores per cpu, 2 threads per core) family 6 model 142 stepping 12 microcode 0xde, cx8, cmov, fxsr, ht, mmx, 3dnowpref, sse, sse2, sse3, ssse3, sse4.1, sse4.2, popcnt, lzcnt, tsc, tscinvbit, avx, avx2, aes, erms, clmul, bmi1, bmi2, adx, fma, vzeroupper, clflush, clflushopt, hv
Processor Information for all 8 processors :
  Max Mhz: 1800, Current Mhz: 1600, Mhz Limit: 1584

Memory: 4k page, system-wide physical 7967M (507M free)
TotalPageFile size 15064M (AvailPageFile size 5M)
current process WorkingSet (physical memory assigned to process): 305M, peak: 306M
current process commit charge ("private bytes"): 348M, peak: 351M

vm_info: OpenJDK 64-Bit Server VM (17.0.9+0--11185874) for windows-amd64 JRE (17.0.9+0--11185874), built on Dec  6 2023 18:57:44 by "androidbuild" with MS VC++ 16.10 / 16.11 (VS2019)

END.
