#
# There is insufficient memory for the Java Runtime Environment to continue.
# Native memory allocation (mmap) failed to map 30408704 bytes for G1 virtual space
# Possible reasons:
#   The system is out of physical RAM or swap space
#   The process is running with CompressedOops enabled, and the Java Heap may be blocking the growth of the native heap
# Possible solutions:
#   Reduce memory load on the system
#   Increase physical memory or swap space
#   Check if swap backing store is full
#   Decrease Java heap size (-Xmx/-Xms)
#   Decrease number of Java threads
#   Decrease Java thread stack sizes (-Xss)
#   Set larger code cache with -XX:ReservedCodeCacheSize=
#   JVM is running with Unscaled Compressed Oops mode in which the Java heap is
#     placed in the first 4GB address space. The Java Heap base address is the
#     maximum limit for the native heap growth. Please use -XX:HeapBaseMinAddress
#     to set the Java Heap base and to place the Java Heap above 4GB virtual address.
# This output file may be truncated or incomplete.
#
#  Out of Memory Error (os_windows.cpp:3825), pid=2740, tid=25324
#
# JRE version: OpenJDK Runtime Environment (17.0.9) (build 17.0.9+0--11185874)
# Java VM: OpenJDK 64-Bit Server VM (17.0.9+0--11185874, mixed mode, tiered, compressed oops, compressed class ptrs, g1 gc, windows-amd64)
# No core dump will be written. Minidumps are not enabled by default on client versions of Windows
#

---------------  S U M M A R Y ------------

Command Line: --add-opens=java.base/java.util=ALL-UNNAMED --add-opens=java.base/java.lang=ALL-UNNAMED --add-opens=java.base/java.lang.invoke=ALL-UNNAMED --add-opens=java.prefs/java.util.prefs=ALL-UNNAMED --add-opens=java.base/java.nio.charset=ALL-UNNAMED --add-opens=java.base/java.net=ALL-UNNAMED --add-opens=java.base/java.util.concurrent.atomic=ALL-UNNAMED -Xmx2048m -Dfile.encoding=UTF-8 -Duser.country=US -Duser.language=en -Duser.variant -javaagent:C:\Users\Dahoo\.gradle\wrapper\dists\gradle-8.4-bin\1w5dpkrfk8irigvoxmyhowfim\gradle-8.4\lib\agents\gradle-instrumentation-agent-8.4.jar org.gradle.launcher.daemon.bootstrap.GradleDaemon 8.4

Host: Intel(R) Core(TM) i5-8265U CPU @ 1.60GHz, 8 cores, 7G,  Windows 11 , 64 bit Build 22621 (10.0.22621.3958)
Time: Mon Oct  7 11:27:34 2024 Jerusalem Daylight Time elapsed time: 16.561738 seconds (0d 0h 0m 16s)

---------------  T H R E A D  ---------------

Current thread (0x000001e1a4013d00):  VMThread "VM Thread" [stack: 0x000000dc66700000,0x000000dc66800000] [id=25324]

Stack: [0x000000dc66700000,0x000000dc66800000]
Native frames: (J=compiled Java code, j=interpreted, Vv=VM code, C=native code)
V  [jvm.dll+0x6886e9]
V  [jvm.dll+0x841e4a]
V  [jvm.dll+0x843a8e]
V  [jvm.dll+0x8440f3]
V  [jvm.dll+0x24c14f]
V  [jvm.dll+0x685499]
V  [jvm.dll+0x679c2a]
V  [jvm.dll+0x30cf9b]
V  [jvm.dll+0x314446]
V  [jvm.dll+0x36425e]
V  [jvm.dll+0x36448f]
V  [jvm.dll+0x2e2d68]
V  [jvm.dll+0x2e0f44]
V  [jvm.dll+0x2e054c]
V  [jvm.dll+0x3253fb]
V  [jvm.dll+0x8487eb]
V  [jvm.dll+0x849531]
V  [jvm.dll+0x849a4d]
V  [jvm.dll+0x849e24]
V  [jvm.dll+0x849ef0]
V  [jvm.dll+0x7f06aa]
V  [jvm.dll+0x687565]
C  [ucrtbase.dll+0x29333]
C  [KERNEL32.DLL+0x1257d]
C  [ntdll.dll+0x5af28]

VM_Operation (0x000000dc678fe6a0): G1CollectForAllocation, mode: safepoint, requested by thread 0x000001e1a5bc7050


---------------  P R O C E S S  ---------------

Threads class SMR info:
_java_thread_list=0x000001e1a4daf180, length=42, elements={
0x000001e183e308e0, 0x000001e19fc40520, 0x000001e19fc421b0, 0x000001e1a403efd0,
0x000001e1a403f4b0, 0x000001e1a403fd80, 0x000001e1a4040b50, 0x000001e1a4055010,
0x000001e1a4058f40, 0x000001e1a405cdf0, 0x000001e19fbdee60, 0x000001e1a42e5980,
0x000001e1a5bc7050, 0x000001e1a5dca460, 0x000001e1a59812b0, 0x000001e1a59352d0,
0x000001e1a4f6af10, 0x000001e1a6030030, 0x000001e1a6030510, 0x000001e1a60f1b30,
0x000001e1a60f2040, 0x000001e1a60f2550, 0x000001e1a60f1620, 0x000001e1a5e51500,
0x000001e1a5e4f6a0, 0x000001e1a5e500c0, 0x000001e1a5e505d0, 0x000001e1a5e4b4d0,
0x000001e1a5e4ec80, 0x000001e1a5e4fbb0, 0x000001e1a5e4a090, 0x000001e1a5e4bef0,
0x000001e1a5e50ae0, 0x000001e1a5e50ff0, 0x000001e1a5e51a10, 0x000001e1a5e4dd50,
0x000001e1a5e4d330, 0x000001e1a5e4a5a0, 0x000001e1a5e4e260, 0x000001e1a5e4b9e0,
0x000001e1a5e4c400, 0x000001e1a77c2de0
}

Java Threads: ( => current thread )
  0x000001e183e308e0 JavaThread "main" [_thread_blocked, id=23876, stack(0x000000dc66100000,0x000000dc66200000)]
  0x000001e19fc40520 JavaThread "Reference Handler" daemon [_thread_blocked, id=3004, stack(0x000000dc66800000,0x000000dc66900000)]
  0x000001e19fc421b0 JavaThread "Finalizer" daemon [_thread_blocked, id=26560, stack(0x000000dc66900000,0x000000dc66a00000)]
  0x000001e1a403efd0 JavaThread "Signal Dispatcher" daemon [_thread_blocked, id=5072, stack(0x000000dc66a00000,0x000000dc66b00000)]
  0x000001e1a403f4b0 JavaThread "Attach Listener" daemon [_thread_blocked, id=23868, stack(0x000000dc66b00000,0x000000dc66c00000)]
  0x000001e1a403fd80 JavaThread "Service Thread" daemon [_thread_blocked, id=12160, stack(0x000000dc66c00000,0x000000dc66d00000)]
  0x000001e1a4040b50 JavaThread "Monitor Deflation Thread" daemon [_thread_blocked, id=21712, stack(0x000000dc66d00000,0x000000dc66e00000)]
  0x000001e1a4055010 JavaThread "C2 CompilerThread0" daemon [_thread_blocked, id=19488, stack(0x000000dc66e00000,0x000000dc66f00000)]
  0x000001e1a4058f40 JavaThread "C1 CompilerThread0" daemon [_thread_blocked, id=27344, stack(0x000000dc66f00000,0x000000dc67000000)]
  0x000001e1a405cdf0 JavaThread "Sweeper thread" daemon [_thread_blocked, id=1308, stack(0x000000dc67000000,0x000000dc67100000)]
  0x000001e19fbdee60 JavaThread "Common-Cleaner" daemon [_thread_blocked, id=28308, stack(0x000000dc67100000,0x000000dc67200000)]
  0x000001e1a42e5980 JavaThread "Notification Thread" daemon [_thread_blocked, id=8520, stack(0x000000dc67200000,0x000000dc67300000)]
  0x000001e1a5bc7050 JavaThread "Daemon health stats" [_thread_blocked, id=8700, stack(0x000000dc67800000,0x000000dc67900000)]
  0x000001e1a5dca460 JavaThread "Incoming local TCP Connector on port 51952" [_thread_in_native, id=25248, stack(0x000000dc67900000,0x000000dc67a00000)]
  0x000001e1a59812b0 JavaThread "Daemon periodic checks" [_thread_blocked, id=25764, stack(0x000000dc67a00000,0x000000dc67b00000)]
  0x000001e1a59352d0 JavaThread "Daemon" [_thread_blocked, id=20632, stack(0x000000dc67b00000,0x000000dc67c00000)]
  0x000001e1a4f6af10 JavaThread "Handler for socket connection from /127.0.0.1:51952 to /127.0.0.1:51953" [_thread_in_native, id=13884, stack(0x000000dc67c00000,0x000000dc67d00000)]
  0x000001e1a6030030 JavaThread "Cancel handler" [_thread_blocked, id=5500, stack(0x000000dc67d00000,0x000000dc67e00000)]
  0x000001e1a6030510 JavaThread "Daemon worker" [_thread_blocked, id=20804, stack(0x000000dc67e00000,0x000000dc67f00000)]
  0x000001e1a60f1b30 JavaThread "Asynchronous log dispatcher for DefaultDaemonConnection: socket connection from /127.0.0.1:51952 to /127.0.0.1:51953" [_thread_blocked, id=4780, stack(0x000000dc67f00000,0x000000dc68000000)]
  0x000001e1a60f2040 JavaThread "Stdin handler" [_thread_blocked, id=3964, stack(0x000000dc68000000,0x000000dc68100000)]
  0x000001e1a60f2550 JavaThread "Daemon client event forwarder" [_thread_blocked, id=26396, stack(0x000000dc68100000,0x000000dc68200000)]
  0x000001e1a60f1620 JavaThread "Cache worker for journal cache (C:\Users\Dahoo\.gradle\caches\journal-1)" [_thread_blocked, id=6960, stack(0x000000dc68600000,0x000000dc68700000)]
  0x000001e1a5e51500 JavaThread "File lock request listener" [_thread_in_native, id=26364, stack(0x000000dc68700000,0x000000dc68800000)]
  0x000001e1a5e4f6a0 JavaThread "Cache worker for file hash cache (C:\Users\Dahoo\.gradle\caches\8.4\fileHashes)" [_thread_blocked, id=8540, stack(0x000000dc68800000,0x000000dc68900000)]
  0x000001e1a5e500c0 JavaThread "File watcher server" daemon [_thread_in_native, id=24780, stack(0x000000dc68900000,0x000000dc68a00000)]
  0x000001e1a5e505d0 JavaThread "File watcher consumer" daemon [_thread_blocked, id=21008, stack(0x000000dc68a00000,0x000000dc68b00000)]
  0x000001e1a5e4b4d0 JavaThread "jar transforms" [_thread_blocked, id=29672, stack(0x000000dc68b00000,0x000000dc68c00000)]
  0x000001e1a5e4ec80 JavaThread "jar transforms Thread 2" [_thread_blocked, id=3808, stack(0x000000dc68c00000,0x000000dc68d00000)]
  0x000001e1a5e4fbb0 JavaThread "jar transforms Thread 3" [_thread_blocked, id=25852, stack(0x000000dc68d00000,0x000000dc68e00000)]
  0x000001e1a5e4a090 JavaThread "jar transforms Thread 4" [_thread_blocked, id=29100, stack(0x000000dc68e00000,0x000000dc68f00000)]
  0x000001e1a5e4bef0 JavaThread "jar transforms Thread 5" [_thread_blocked, id=27752, stack(0x000000dc68f00000,0x000000dc69000000)]
  0x000001e1a5e50ae0 JavaThread "jar transforms Thread 6" [_thread_blocked, id=28540, stack(0x000000dc69000000,0x000000dc69100000)]
  0x000001e1a5e50ff0 JavaThread "jar transforms Thread 7" [_thread_blocked, id=18940, stack(0x000000dc69100000,0x000000dc69200000)]
  0x000001e1a5e51a10 JavaThread "jar transforms Thread 8" [_thread_blocked, id=17916, stack(0x000000dc69200000,0x000000dc69300000)]
  0x000001e1a5e4dd50 JavaThread "Cache worker for checksums cache (E:\Gym2\.gradle\8.4\checksums)" [_thread_blocked, id=7892, stack(0x000000dc69300000,0x000000dc69400000)]
  0x000001e1a5e4d330 JavaThread "Cache worker for file hash cache (E:\Gym2\.gradle\8.4\fileHashes)" [_thread_blocked, id=29044, stack(0x000000dc69400000,0x000000dc69500000)]
  0x000001e1a5e4a5a0 JavaThread "Cache worker for cache directory md-supplier (C:\Users\Dahoo\.gradle\caches\8.4\md-supplier)" [_thread_blocked, id=28012, stack(0x000000dc69500000,0x000000dc69600000)]
  0x000001e1a5e4e260 JavaThread "Cache worker for file content cache (C:\Users\Dahoo\.gradle\caches\8.4\fileContent)" [_thread_blocked, id=29368, stack(0x000000dc69600000,0x000000dc69700000)]
  0x000001e1a5e4b9e0 JavaThread "Cache worker for cache directory md-rule (C:\Users\Dahoo\.gradle\caches\8.4\md-rule)" [_thread_blocked, id=3208, stack(0x000000dc69700000,0x000000dc69800000)]
  0x000001e1a5e4c400 JavaThread "Cache worker for execution history cache (C:\Users\Dahoo\.gradle\caches\8.4\executionHistory)" [_thread_blocked, id=1932, stack(0x000000dc69800000,0x000000dc69900000)]
  0x000001e1a77c2de0 JavaThread "Cache worker for kotlin-dsl (C:\Users\Dahoo\.gradle\caches\8.4\kotlin-dsl)" [_thread_blocked, id=14344, stack(0x000000dc69900000,0x000000dc69a00000)]

Other Threads:
=>0x000001e1a4013d00 VMThread "VM Thread" [stack: 0x000000dc66700000,0x000000dc66800000] [id=25324]
  0x000001e1a433f5c0 WatcherThread [stack: 0x000000dc67300000,0x000000dc67400000] [id=24600]
  0x000001e183e8b780 GCTaskThread "GC Thread#0" [stack: 0x000000dc66200000,0x000000dc66300000] [id=20736]
  0x000001e1a4d47c60 GCTaskThread "GC Thread#1" [stack: 0x000000dc67400000,0x000000dc67500000] [id=18920]
  0x000001e1a4b1cb00 GCTaskThread "GC Thread#2" [stack: 0x000000dc67500000,0x000000dc67600000] [id=29508]
  0x000001e1a4abb2f0 GCTaskThread "GC Thread#3" [stack: 0x000000dc67600000,0x000000dc67700000] [id=27840]
  0x000001e1a4de46a0 GCTaskThread "GC Thread#4" [stack: 0x000000dc67700000,0x000000dc67800000] [id=25464]
  0x000001e1a582df20 GCTaskThread "GC Thread#5" [stack: 0x000000dc68200000,0x000000dc68300000] [id=25336]
  0x000001e1a5a7b0f0 GCTaskThread "GC Thread#6" [stack: 0x000000dc68300000,0x000000dc68400000] [id=10904]
  0x000001e1a5fe69c0 GCTaskThread "GC Thread#7" [stack: 0x000000dc68400000,0x000000dc68500000] [id=26824]
  0x000001e183e9c5d0 ConcurrentGCThread "G1 Main Marker" [stack: 0x000000dc66300000,0x000000dc66400000] [id=28716]
  0x000001e183e9cef0 ConcurrentGCThread "G1 Conc#0" [stack: 0x000000dc66400000,0x000000dc66500000] [id=27404]
  0x000001e1a5376d60 ConcurrentGCThread "G1 Conc#1" [stack: 0x000000dc68500000,0x000000dc68600000] [id=18072]
  0x000001e183ede9a0 ConcurrentGCThread "G1 Refine#0" [stack: 0x000000dc66500000,0x000000dc66600000] [id=25608]
  0x000001e1a8980430 ConcurrentGCThread "G1 Refine#1" [stack: 0x000000dc69a00000,0x000000dc69b00000] [id=6444]
  0x000001e1a897ecb0 ConcurrentGCThread "G1 Refine#2" [stack: 0x000000dc69b00000,0x000000dc69c00000] [id=25768]
  0x000001e1a8980720 ConcurrentGCThread "G1 Refine#3" [stack: 0x000000dc69c00000,0x000000dc69d00000] [id=23132]
  0x000001e1a897fb60 ConcurrentGCThread "G1 Refine#4" [stack: 0x000000dc69d00000,0x000000dc69e00000] [id=25520]
  0x000001e1a897efa0 ConcurrentGCThread "G1 Refine#5" [stack: 0x000000dc69e00000,0x000000dc69f00000] [id=7220]
  0x000001e19faad520 ConcurrentGCThread "G1 Service" [stack: 0x000000dc66600000,0x000000dc66700000] [id=26172]

Threads with active compile tasks:
C2 CompilerThread0    16627 5627       4       org.jetbrains.kotlin.protobuf.ByteString$Output::<init> (42 bytes)

VM state: at safepoint (normal execution)

VM Mutex/Monitor currently owned by a thread:  ([mutex/lock_event])
[0x000001e183e2d420] Threads_lock - owner thread: 0x000001e1a4013d00
[0x000001e183e2d810] Heap_lock - owner thread: 0x000001e1a5bc7050

Heap address: 0x0000000080000000, size: 2048 MB, Compressed Oops mode: 32-bit

CDS archive(s) not mapped
Compressed class space mapped at: 0x0000000100000000-0x0000000140000000, reserved size: 1073741824
Narrow klass base: 0x0000000000000000, Narrow klass shift: 3, Narrow klass range: 0x140000000

GC Precious Log:
 CPUs: 8 total, 8 available
 Memory: 7967M
 Large Page Support: Disabled
 NUMA Support: Disabled
 Compressed Oops: Enabled (32-bit)
 Heap Region Size: 1M
 Heap Min Capacity: 8M
 Heap Initial Capacity: 126M
 Heap Max Capacity: 2G
 Pre-touch: Disabled
 Parallel Workers: 8
 Concurrent Workers: 2
 Concurrent Refinement Workers: 8
 Periodic GC: Disabled

Heap:
 garbage-first heap   total 138240K, used 82309K [0x0000000080000000, 0x0000000100000000)
  region size 1024K, 3 young (3072K), 3 survivors (3072K)
 Metaspace       used 81122K, committed 81728K, reserved 1179648K
  class space    used 10850K, committed 11136K, reserved 1048576K

Heap Regions: E=young(eden), S=young(survivor), O=old, HS=humongous(starts), HC=humongous(continues), CS=collection set, F=free, OA=open archive, CA=closed archive, TAMS=top-at-mark-start (previous, next)
|   0|0x0000000080000000, 0x0000000080100000, 0x0000000080100000|100%|HS|  |TAMS 0x0000000080100000, 0x0000000080100000| Complete 
|   1|0x0000000080100000, 0x0000000080200000, 0x0000000080200000|100%|HC|  |TAMS 0x0000000080200000, 0x0000000080200000| Complete 
|   2|0x0000000080200000, 0x0000000080300000, 0x0000000080300000|100%|HC|  |TAMS 0x0000000080300000, 0x0000000080300000| Complete 
|   3|0x0000000080300000, 0x0000000080400000, 0x0000000080400000|100%|HC|  |TAMS 0x0000000080400000, 0x0000000080400000| Complete 
|   4|0x0000000080400000, 0x0000000080500000, 0x0000000080500000|100%| O|  |TAMS 0x0000000080500000, 0x0000000080500000| Untracked 
|   5|0x0000000080500000, 0x0000000080600000, 0x0000000080600000|100%| O|  |TAMS 0x0000000080600000, 0x0000000080600000| Untracked 
|   6|0x0000000080600000, 0x0000000080700000, 0x0000000080700000|100%| O|  |TAMS 0x0000000080700000, 0x0000000080700000| Untracked 
|   7|0x0000000080700000, 0x0000000080800000, 0x0000000080800000|100%| O|  |TAMS 0x0000000080800000, 0x0000000080800000| Untracked 
|   8|0x0000000080800000, 0x0000000080900000, 0x0000000080900000|100%| O|  |TAMS 0x0000000080900000, 0x0000000080900000| Untracked 
|   9|0x0000000080900000, 0x0000000080a00000, 0x0000000080a00000|100%| O|  |TAMS 0x0000000080a00000, 0x0000000080a00000| Untracked 
|  10|0x0000000080a00000, 0x0000000080b00000, 0x0000000080b00000|100%| O|  |TAMS 0x0000000080b00000, 0x0000000080b00000| Untracked 
|  11|0x0000000080b00000, 0x0000000080c00000, 0x0000000080c00000|100%| O|  |TAMS 0x0000000080c00000, 0x0000000080c00000| Untracked 
|  12|0x0000000080c00000, 0x0000000080d00000, 0x0000000080d00000|100%| O|  |TAMS 0x0000000080d00000, 0x0000000080d00000| Untracked 
|  13|0x0000000080d00000, 0x0000000080e00000, 0x0000000080e00000|100%| O|  |TAMS 0x0000000080e00000, 0x0000000080e00000| Untracked 
|  14|0x0000000080e00000, 0x0000000080f00000, 0x0000000080f00000|100%| O|  |TAMS 0x0000000080f00000, 0x0000000080f00000| Untracked 
|  15|0x0000000080f00000, 0x0000000081000000, 0x0000000081000000|100%| O|  |TAMS 0x0000000081000000, 0x0000000081000000| Untracked 
|  16|0x0000000081000000, 0x0000000081100000, 0x0000000081100000|100%| O|  |TAMS 0x0000000081100000, 0x0000000081100000| Untracked 
|  17|0x0000000081100000, 0x0000000081200000, 0x0000000081200000|100%| O|  |TAMS 0x0000000081200000, 0x0000000081200000| Untracked 
|  18|0x0000000081200000, 0x0000000081300000, 0x0000000081300000|100%| O|  |TAMS 0x0000000081300000, 0x0000000081300000| Untracked 
|  19|0x0000000081300000, 0x0000000081400000, 0x0000000081400000|100%| O|  |TAMS 0x0000000081400000, 0x0000000081400000| Untracked 
|  20|0x0000000081400000, 0x0000000081500000, 0x0000000081500000|100%| O|  |TAMS 0x0000000081500000, 0x0000000081500000| Untracked 
|  21|0x0000000081500000, 0x0000000081600000, 0x0000000081600000|100%|HS|  |TAMS 0x0000000081600000, 0x0000000081600000| Complete 
|  22|0x0000000081600000, 0x0000000081700000, 0x0000000081700000|100%|HC|  |TAMS 0x0000000081700000, 0x0000000081700000| Complete 
|  23|0x0000000081700000, 0x0000000081800000, 0x0000000081800000|100%|HS|  |TAMS 0x0000000081800000, 0x0000000081800000| Complete 
|  24|0x0000000081800000, 0x0000000081900000, 0x0000000081900000|100%|HC|  |TAMS 0x0000000081900000, 0x0000000081900000| Complete 
|  25|0x0000000081900000, 0x0000000081a00000, 0x0000000081a00000|100%|HC|  |TAMS 0x0000000081a00000, 0x0000000081a00000| Complete 
|  26|0x0000000081a00000, 0x0000000081b00000, 0x0000000081b00000|100%|HS|  |TAMS 0x0000000081b00000, 0x0000000081b00000| Complete 
|  27|0x0000000081b00000, 0x0000000081c00000, 0x0000000081c00000|100%|HC|  |TAMS 0x0000000081c00000, 0x0000000081c00000| Complete 
|  28|0x0000000081c00000, 0x0000000081d00000, 0x0000000081d00000|100%|HC|  |TAMS 0x0000000081d00000, 0x0000000081d00000| Complete 
|  29|0x0000000081d00000, 0x0000000081e00000, 0x0000000081e00000|100%|HS|  |TAMS 0x0000000081e00000, 0x0000000081e00000| Complete 
|  30|0x0000000081e00000, 0x0000000081f00000, 0x0000000081f00000|100%|HC|  |TAMS 0x0000000081f00000, 0x0000000081f00000| Complete 
|  31|0x0000000081f00000, 0x0000000082000000, 0x0000000082000000|100%|HC|  |TAMS 0x0000000082000000, 0x0000000082000000| Complete 
|  32|0x0000000082000000, 0x0000000082100000, 0x0000000082100000|100%| O|  |TAMS 0x0000000082100000, 0x0000000082100000| Untracked 
|  33|0x0000000082100000, 0x0000000082200000, 0x0000000082200000|100%| O|  |TAMS 0x0000000082200000, 0x0000000082200000| Untracked 
|  34|0x0000000082200000, 0x0000000082300000, 0x0000000082300000|100%| O|  |TAMS 0x0000000082300000, 0x0000000082300000| Untracked 
|  35|0x0000000082300000, 0x0000000082400000, 0x0000000082400000|100%| O|  |TAMS 0x0000000082400000, 0x0000000082400000| Untracked 
|  36|0x0000000082400000, 0x0000000082500000, 0x0000000082500000|100%| O|  |TAMS 0x0000000082500000, 0x0000000082500000| Untracked 
|  37|0x0000000082500000, 0x0000000082600000, 0x0000000082600000|100%| O|  |TAMS 0x0000000082600000, 0x0000000082600000| Untracked 
|  38|0x0000000082600000, 0x0000000082700000, 0x0000000082700000|100%| O|  |TAMS 0x0000000082700000, 0x0000000082700000| Untracked 
|  39|0x0000000082700000, 0x0000000082800000, 0x0000000082800000|100%| O|  |TAMS 0x0000000082800000, 0x0000000082800000| Untracked 
|  40|0x0000000082800000, 0x0000000082900000, 0x0000000082900000|100%| O|  |TAMS 0x0000000082900000, 0x0000000082900000| Untracked 
|  41|0x0000000082900000, 0x0000000082a00000, 0x0000000082a00000|100%| O|  |TAMS 0x0000000082a00000, 0x0000000082a00000| Untracked 
|  42|0x0000000082a00000, 0x0000000082b00000, 0x0000000082b00000|100%| O|  |TAMS 0x0000000082b00000, 0x0000000082b00000| Untracked 
|  43|0x0000000082b00000, 0x0000000082c00000, 0x0000000082c00000|100%|HS|  |TAMS 0x0000000082c00000, 0x0000000082c00000| Complete 
|  44|0x0000000082c00000, 0x0000000082d00000, 0x0000000082d00000|100%|HC|  |TAMS 0x0000000082d00000, 0x0000000082d00000| Complete 
|  45|0x0000000082d00000, 0x0000000082e00000, 0x0000000082e00000|100%|HC|  |TAMS 0x0000000082e00000, 0x0000000082e00000| Complete 
|  46|0x0000000082e00000, 0x0000000082f00000, 0x0000000082f00000|100%| O|  |TAMS 0x0000000082f00000, 0x0000000082f00000| Untracked 
|  47|0x0000000082f00000, 0x0000000083000000, 0x0000000083000000|100%| O|  |TAMS 0x0000000083000000, 0x0000000083000000| Untracked 
|  48|0x0000000083000000, 0x0000000083100000, 0x0000000083100000|100%| O|  |TAMS 0x0000000083100000, 0x0000000083100000| Untracked 
|  49|0x0000000083100000, 0x0000000083200000, 0x0000000083200000|100%| O|  |TAMS 0x0000000083200000, 0x0000000083200000| Untracked 
|  50|0x0000000083200000, 0x00000000832ffff8, 0x0000000083300000| 99%| O|  |TAMS 0x00000000832ffff8, 0x00000000832ffff8| Untracked 
|  51|0x0000000083300000, 0x0000000083400000, 0x0000000083400000|100%| O|  |TAMS 0x0000000083400000, 0x0000000083400000| Untracked 
|  52|0x0000000083400000, 0x0000000083500000, 0x0000000083500000|100%| O|  |TAMS 0x0000000083500000, 0x0000000083500000| Untracked 
|  53|0x0000000083500000, 0x0000000083600000, 0x0000000083600000|100%| O|  |TAMS 0x0000000083600000, 0x0000000083600000| Untracked 
|  54|0x0000000083600000, 0x0000000083700000, 0x0000000083700000|100%| O|  |TAMS 0x0000000083700000, 0x0000000083700000| Untracked 
|  55|0x0000000083700000, 0x0000000083800000, 0x0000000083800000|100%| O|  |TAMS 0x0000000083800000, 0x0000000083800000| Untracked 
|  56|0x0000000083800000, 0x0000000083900000, 0x0000000083900000|100%| O|  |TAMS 0x0000000083900000, 0x0000000083900000| Untracked 
|  57|0x0000000083900000, 0x0000000083a00000, 0x0000000083a00000|100%| O|  |TAMS 0x000000008396d200, 0x0000000083a00000| Untracked 
|  58|0x0000000083a00000, 0x0000000083b00000, 0x0000000083b00000|100%|HS|  |TAMS 0x0000000083a00000, 0x0000000083b00000| Complete 
|  59|0x0000000083b00000, 0x0000000083c00000, 0x0000000083c00000|100%| O|  |TAMS 0x0000000083b00000, 0x0000000083c00000| Untracked 
|  60|0x0000000083c00000, 0x0000000083d00000, 0x0000000083d00000|100%| O|  |TAMS 0x0000000083d00000, 0x0000000083d00000| Untracked 
|  61|0x0000000083d00000, 0x0000000083e00000, 0x0000000083e00000|100%| O|  |TAMS 0x0000000083d00000, 0x0000000083e00000| Untracked 
|  62|0x0000000083e00000, 0x0000000083f00000, 0x0000000083f00000|100%| O|  |TAMS 0x0000000083f00000, 0x0000000083f00000| Untracked 
|  63|0x0000000083f00000, 0x0000000084000000, 0x0000000084000000|100%| O|  |TAMS 0x0000000084000000, 0x0000000084000000| Untracked 
|  64|0x0000000084000000, 0x0000000084100000, 0x0000000084100000|100%| O|  |TAMS 0x0000000084100000, 0x0000000084100000| Untracked 
|  65|0x0000000084100000, 0x0000000084200000, 0x0000000084200000|100%| O|  |TAMS 0x0000000084200000, 0x0000000084200000| Untracked 
|  66|0x0000000084200000, 0x0000000084300000, 0x0000000084300000|100%| O|  |TAMS 0x0000000084300000, 0x0000000084300000| Untracked 
|  67|0x0000000084300000, 0x0000000084400000, 0x0000000084400000|100%| O|  |TAMS 0x0000000084400000, 0x0000000084400000| Untracked 
|  68|0x0000000084400000, 0x0000000084500000, 0x0000000084500000|100%| O|  |TAMS 0x0000000084500000, 0x0000000084500000| Untracked 
|  69|0x0000000084500000, 0x0000000084600000, 0x0000000084600000|100%| O|  |TAMS 0x0000000084600000, 0x0000000084600000| Untracked 
|  70|0x0000000084600000, 0x0000000084600000, 0x0000000084700000|  0%| F|  |TAMS 0x0000000084600000, 0x0000000084600000| Untracked 
|  71|0x0000000084700000, 0x0000000084800000, 0x0000000084800000|100%|HS|  |TAMS 0x0000000084700000, 0x0000000084800000| Complete 
|  72|0x0000000084800000, 0x0000000084900000, 0x0000000084900000|100%|HC|  |TAMS 0x0000000084800000, 0x0000000084900000| Complete 
|  73|0x0000000084900000, 0x0000000084a00000, 0x0000000084a00000|100%|HC|  |TAMS 0x0000000084900000, 0x0000000084a00000| Complete 
|  74|0x0000000084a00000, 0x0000000084b00000, 0x0000000084b00000|100%|HC|  |TAMS 0x0000000084a00000, 0x0000000084b00000| Complete 
|  75|0x0000000084b00000, 0x0000000084c00000, 0x0000000084c00000|100%|HC|  |TAMS 0x0000000084b00000, 0x0000000084c00000| Complete 
|  76|0x0000000084c00000, 0x0000000084d00000, 0x0000000084d00000|100%|HC|  |TAMS 0x0000000084c00000, 0x0000000084d00000| Complete 
|  77|0x0000000084d00000, 0x0000000084e00000, 0x0000000084e00000|100%| O|  |TAMS 0x0000000084d00000, 0x0000000084e00000| Untracked 
|  78|0x0000000084e00000, 0x0000000084e0e800, 0x0000000084f00000|  5%| O|  |TAMS 0x0000000084e00000, 0x0000000084e0e800| Untracked 
|  79|0x0000000084f00000, 0x0000000084f00000, 0x0000000085000000|  0%| F|  |TAMS 0x0000000084f00000, 0x0000000084f00000| Untracked 
|  80|0x0000000085000000, 0x0000000085000000, 0x0000000085100000|  0%| F|  |TAMS 0x0000000085000000, 0x0000000085000000| Untracked 
|  81|0x0000000085100000, 0x0000000085100000, 0x0000000085200000|  0%| F|  |TAMS 0x0000000085100000, 0x0000000085100000| Untracked 
|  82|0x0000000085200000, 0x0000000085200000, 0x0000000085300000|  0%| F|  |TAMS 0x0000000085200000, 0x0000000085200000| Untracked 
|  83|0x0000000085300000, 0x0000000085300000, 0x0000000085400000|  0%| F|  |TAMS 0x0000000085300000, 0x0000000085300000| Untracked 
|  84|0x0000000085400000, 0x0000000085400000, 0x0000000085500000|  0%| F|  |TAMS 0x0000000085400000, 0x0000000085400000| Untracked 
|  85|0x0000000085500000, 0x0000000085500000, 0x0000000085600000|  0%| F|  |TAMS 0x0000000085500000, 0x0000000085500000| Untracked 
|  86|0x0000000085600000, 0x0000000085600000, 0x0000000085700000|  0%| F|  |TAMS 0x0000000085600000, 0x0000000085600000| Untracked 
|  87|0x0000000085700000, 0x0000000085700000, 0x0000000085800000|  0%| F|  |TAMS 0x0000000085700000, 0x0000000085700000| Untracked 
|  88|0x0000000085800000, 0x0000000085800000, 0x0000000085900000|  0%| F|  |TAMS 0x0000000085800000, 0x0000000085800000| Untracked 
|  89|0x0000000085900000, 0x0000000085900000, 0x0000000085a00000|  0%| F|  |TAMS 0x0000000085900000, 0x0000000085900000| Untracked 
|  90|0x0000000085a00000, 0x0000000085a00000, 0x0000000085b00000|  0%| F|  |TAMS 0x0000000085a00000, 0x0000000085a00000| Untracked 
|  91|0x0000000085b00000, 0x0000000085b00000, 0x0000000085c00000|  0%| F|  |TAMS 0x0000000085b00000, 0x0000000085b00000| Untracked 
|  92|0x0000000085c00000, 0x0000000085c00000, 0x0000000085d00000|  0%| F|  |TAMS 0x0000000085c00000, 0x0000000085c00000| Untracked 
|  93|0x0000000085d00000, 0x0000000085d00000, 0x0000000085e00000|  0%| F|  |TAMS 0x0000000085d00000, 0x0000000085d00000| Untracked 
|  94|0x0000000085e00000, 0x0000000085e00000, 0x0000000085f00000|  0%| F|  |TAMS 0x0000000085e00000, 0x0000000085e00000| Untracked 
|  95|0x0000000085f00000, 0x0000000085f00000, 0x0000000086000000|  0%| F|  |TAMS 0x0000000085f00000, 0x0000000085f00000| Untracked 
|  96|0x0000000086000000, 0x0000000086000000, 0x0000000086100000|  0%| F|  |TAMS 0x0000000086000000, 0x0000000086000000| Untracked 
|  97|0x0000000086100000, 0x0000000086100000, 0x0000000086200000|  0%| F|  |TAMS 0x0000000086100000, 0x0000000086100000| Untracked 
|  98|0x0000000086200000, 0x0000000086200000, 0x0000000086300000|  0%| F|  |TAMS 0x0000000086200000, 0x0000000086200000| Untracked 
|  99|0x0000000086300000, 0x0000000086300000, 0x0000000086400000|  0%| F|  |TAMS 0x0000000086300000, 0x0000000086300000| Untracked 
| 100|0x0000000086400000, 0x0000000086400000, 0x0000000086500000|  0%| F|  |TAMS 0x0000000086400000, 0x0000000086400000| Untracked 
| 101|0x0000000086500000, 0x0000000086552e70, 0x0000000086600000| 32%| S|CS|TAMS 0x0000000086500000, 0x0000000086500000| Complete 
| 102|0x0000000086600000, 0x0000000086700000, 0x0000000086700000|100%| S|CS|TAMS 0x0000000086600000, 0x0000000086600000| Complete 
| 103|0x0000000086700000, 0x0000000086800000, 0x0000000086800000|100%| S|CS|TAMS 0x0000000086700000, 0x0000000086700000| Complete 
| 104|0x0000000086800000, 0x0000000086800000, 0x0000000086900000|  0%| F|  |TAMS 0x0000000086800000, 0x0000000086800000| Untracked 
| 105|0x0000000086900000, 0x0000000086900000, 0x0000000086a00000|  0%| F|  |TAMS 0x0000000086900000, 0x0000000086900000| Untracked 
| 106|0x0000000086a00000, 0x0000000086a00000, 0x0000000086b00000|  0%| F|  |TAMS 0x0000000086a00000, 0x0000000086a00000| Untracked 
| 107|0x0000000086b00000, 0x0000000086b00000, 0x0000000086c00000|  0%| F|  |TAMS 0x0000000086b00000, 0x0000000086b00000| Untracked 
| 108|0x0000000086c00000, 0x0000000086c00000, 0x0000000086d00000|  0%| F|  |TAMS 0x0000000086c00000, 0x0000000086c00000| Untracked 
| 109|0x0000000086d00000, 0x0000000086d00000, 0x0000000086e00000|  0%| F|  |TAMS 0x0000000086d00000, 0x0000000086d00000| Untracked 
| 110|0x0000000086e00000, 0x0000000086e00000, 0x0000000086f00000|  0%| F|  |TAMS 0x0000000086e00000, 0x0000000086e00000| Untracked 
| 111|0x0000000086f00000, 0x0000000086f00000, 0x0000000087000000|  0%| F|  |TAMS 0x0000000086f00000, 0x0000000086f00000| Untracked 
| 112|0x0000000087000000, 0x0000000087000000, 0x0000000087100000|  0%| F|  |TAMS 0x0000000087000000, 0x0000000087000000| Untracked 
| 113|0x0000000087100000, 0x0000000087100000, 0x0000000087200000|  0%| F|  |TAMS 0x0000000087100000, 0x0000000087100000| Untracked 
| 114|0x0000000087200000, 0x0000000087200000, 0x0000000087300000|  0%| F|  |TAMS 0x0000000087200000, 0x0000000087200000| Untracked 
| 115|0x0000000087300000, 0x0000000087300000, 0x0000000087400000|  0%| F|  |TAMS 0x0000000087300000, 0x0000000087300000| Untracked 
| 116|0x0000000087400000, 0x0000000087400000, 0x0000000087500000|  0%| F|  |TAMS 0x0000000087400000, 0x0000000087400000| Untracked 
| 117|0x0000000087500000, 0x0000000087500000, 0x0000000087600000|  0%| F|  |TAMS 0x0000000087500000, 0x0000000087500000| Untracked 
| 118|0x0000000087600000, 0x0000000087600000, 0x0000000087700000|  0%| F|  |TAMS 0x0000000087600000, 0x0000000087600000| Untracked 
| 119|0x0000000087700000, 0x0000000087700000, 0x0000000087800000|  0%| F|  |TAMS 0x0000000087700000, 0x0000000087700000| Untracked 
| 120|0x0000000087800000, 0x0000000087800000, 0x0000000087900000|  0%| F|  |TAMS 0x0000000087800000, 0x0000000087800000| Untracked 
| 121|0x0000000087900000, 0x0000000087900000, 0x0000000087a00000|  0%| F|  |TAMS 0x0000000087900000, 0x0000000087900000| Untracked 
| 122|0x0000000087a00000, 0x0000000087a00000, 0x0000000087b00000|  0%| F|  |TAMS 0x0000000087a00000, 0x0000000087a00000| Untracked 
| 123|0x0000000087b00000, 0x0000000087b00000, 0x0000000087c00000|  0%| F|  |TAMS 0x0000000087b00000, 0x0000000087b00000| Untracked 
| 124|0x0000000087c00000, 0x0000000087c00000, 0x0000000087d00000|  0%| F|  |TAMS 0x0000000087c00000, 0x0000000087c00000| Untracked 
| 125|0x0000000087d00000, 0x0000000087d00000, 0x0000000087e00000|  0%| F|  |TAMS 0x0000000087d00000, 0x0000000087d00000| Untracked 
| 126|0x0000000087e00000, 0x0000000087e00000, 0x0000000087f00000|  0%| F|  |TAMS 0x0000000087e00000, 0x0000000087e00000| Untracked 
| 127|0x0000000087f00000, 0x0000000087f00000, 0x0000000088000000|  0%| F|  |TAMS 0x0000000087f00000, 0x0000000087f00000| Untracked 
| 128|0x0000000088000000, 0x0000000088000000, 0x0000000088100000|  0%| F|  |TAMS 0x0000000088000000, 0x0000000088000000| Untracked 
| 129|0x0000000088100000, 0x0000000088100000, 0x0000000088200000|  0%| F|  |TAMS 0x0000000088100000, 0x0000000088100000| Untracked 
| 130|0x0000000088200000, 0x0000000088200000, 0x0000000088300000|  0%| F|  |TAMS 0x0000000088200000, 0x0000000088200000| Untracked 
| 131|0x0000000088300000, 0x0000000088300000, 0x0000000088400000|  0%| F|  |TAMS 0x0000000088300000, 0x0000000088300000| Untracked 
| 132|0x0000000088400000, 0x0000000088400000, 0x0000000088500000|  0%| F|  |TAMS 0x0000000088400000, 0x0000000088400000| Untracked 
| 133|0x0000000088500000, 0x0000000088500000, 0x0000000088600000|  0%| F|  |TAMS 0x0000000088500000, 0x0000000088500000| Untracked 
|2047|0x00000000fff00000, 0x0000000100000000, 0x0000000100000000|100%| O|  |TAMS 0x0000000100000000, 0x0000000100000000| Untracked 

Card table byte_map: [0x000001e198950000,0x000001e198d50000] _byte_map_base: 0x000001e198550000

Marking Bits (Prev, Next): (CMBitMap*) 0x000001e183e8bce0, (CMBitMap*) 0x000001e183e8bca0
 Prev Bits: [0x000001e19b150000, 0x000001e19d150000)
 Next Bits: [0x000001e199150000, 0x000001e19b150000)

Polling page: 0x000001e183ee0000

Metaspace:

Usage:
  Non-class:     68.63 MB used.
      Class:     10.60 MB used.
       Both:     79.22 MB used.

Virtual space:
  Non-class space:      128.00 MB reserved,      68.94 MB ( 54%) committed,  2 nodes.
      Class space:        1.00 GB reserved,      10.88 MB (  1%) committed,  1 nodes.
             Both:        1.12 GB reserved,      79.81 MB (  7%) committed. 

Chunk freelists:
   Non-Class:  11.00 MB
       Class:  5.14 MB
        Both:  16.14 MB

MaxMetaspaceSize: unlimited
CompressedClassSpaceSize: 1.00 GB
Initial GC threshold: 21.00 MB
Current GC threshold: 122.94 MB
CDS: off
MetaspaceReclaimPolicy: balanced
 - commit_granule_bytes: 65536.
 - commit_granule_words: 8192.
 - virtual_space_node_default_size: 8388608.
 - enlarge_chunks_in_place: 1.
 - new_chunks_are_fully_committed: 0.
 - uncommit_free_chunks: 1.
 - use_allocation_guard: 0.
 - handle_deallocations: 1.


Internal statistics:

num_allocs_failed_limit: 6.
num_arena_births: 684.
num_arena_deaths: 0.
num_vsnodes_births: 3.
num_vsnodes_deaths: 0.
num_space_committed: 1275.
num_space_uncommitted: 0.
num_chunks_returned_to_freelist: 6.
num_chunks_taken_from_freelist: 3299.
num_chunk_merges: 6.
num_chunk_splits: 2434.
num_chunks_enlarged: 1910.
num_inconsistent_stats: 0.

CodeHeap 'non-profiled nmethods': size=120000Kb used=2455Kb max_used=3003Kb free=117544Kb
 bounds [0x000001e1905c0000, 0x000001e1908b0000, 0x000001e197af0000]
CodeHeap 'profiled nmethods': size=120000Kb used=9126Kb max_used=10282Kb free=110873Kb
 bounds [0x000001e188af0000, 0x000001e189500000, 0x000001e190020000]
CodeHeap 'non-nmethods': size=5760Kb used=2373Kb max_used=2413Kb free=3386Kb
 bounds [0x000001e190020000, 0x000001e190290000, 0x000001e1905c0000]
 total_blobs=5721 nmethods=4814 adapters=819
 compilation: enabled
              stopped_count=0, restarted_count=0
 full_count=0

Compilation events (20 events):
Event: 16.497 Thread 0x000001e1a4058f40 5660       3       kotlin.Triple::<init> (20 bytes)
Event: 16.497 Thread 0x000001e1a4058f40 nmethod 5660 0x000001e188d79690 code [0x000001e188d79840, 0x000001e188d79ab8]
Event: 16.497 Thread 0x000001e1a4058f40 5663       1       org.jetbrains.kotlin.serialization.deserialization.DeserializationComponents::getStorageManager (5 bytes)
Event: 16.497 Thread 0x000001e1a4058f40 nmethod 5663 0x000001e19067fc10 code [0x000001e19067fda0, 0x000001e19067fe78]
Event: 16.508 Thread 0x000001e1a4058f40 5664       3       org.jetbrains.kotlin.name.FqNameUnsafe::isRoot (8 bytes)
Event: 16.508 Thread 0x000001e1a4058f40 nmethod 5664 0x000001e188ddb390 code [0x000001e188ddb540, 0x000001e188ddb718]
Event: 16.508 Thread 0x000001e1a4058f40 5665       3       org.jetbrains.kotlin.name.Name::identifier (18 bytes)
Event: 16.508 Thread 0x000001e1a4058f40 nmethod 5665 0x000001e188ddad10 code [0x000001e188ddaee0, 0x000001e188ddb238]
Event: 16.526 Thread 0x000001e1a4055010 nmethod 5644 0x000001e190668e90 code [0x000001e1906691a0, 0x000001e19066b3b0]
Event: 16.526 Thread 0x000001e1a4055010 5628       4       java.util.Collections$UnmodifiableCollection::size (10 bytes)
Event: 16.527 Thread 0x000001e1a4055010 nmethod 5628 0x000001e190668b10 code [0x000001e190668ca0, 0x000001e190668d78]
Event: 16.527 Thread 0x000001e1a4055010 5650       4       java.util.Collections$UnmodifiableList::get (11 bytes)
Event: 16.529 Thread 0x000001e1a4055010 nmethod 5650 0x000001e19067f610 code [0x000001e19067f7a0, 0x000001e19067f8d8]
Event: 16.529 Thread 0x000001e1a4055010 5632       4       org.jetbrains.kotlin.protobuf.CodedInputStream::popLimit (10 bytes)
Event: 16.529 Thread 0x000001e1a4058f40 5666       3       org.jetbrains.kotlin.name.FqNameUnsafe::hashCode (8 bytes)
Event: 16.529 Thread 0x000001e1a4055010 nmethod 5632 0x000001e19062bb10 code [0x000001e19062bc80, 0x000001e19062bd38]
Event: 16.529 Thread 0x000001e1a4055010 5643       4       java.util.LinkedList$ListItr::hasNext (20 bytes)
Event: 16.529 Thread 0x000001e1a4058f40 nmethod 5666 0x000001e188dda710 code [0x000001e188dda8c0, 0x000001e188ddaa08]
Event: 16.530 Thread 0x000001e1a4055010 nmethod 5643 0x000001e19062b810 code [0x000001e19062b980, 0x000001e19062ba18]
Event: 16.530 Thread 0x000001e1a4055010 5627       4       org.jetbrains.kotlin.protobuf.ByteString$Output::<init> (42 bytes)

GC Heap History (20 events):
Event: 13.535 GC heap after
{Heap after GC invocations=29 (full 0):
 garbage-first heap   total 104448K, used 57624K [0x0000000080000000, 0x0000000100000000)
  region size 1024K, 3 young (3072K), 3 survivors (3072K)
 Metaspace       used 62042K, committed 62592K, reserved 1114112K
  class space    used 8687K, committed 8960K, reserved 1048576K
}
Event: 14.077 GC heap before
{Heap before GC invocations=30 (full 0):
 garbage-first heap   total 104448K, used 84248K [0x0000000080000000, 0x0000000100000000)
  region size 1024K, 29 young (29696K), 3 survivors (3072K)
 Metaspace       used 66037K, committed 66688K, reserved 1114112K
  class space    used 9157K, committed 9472K, reserved 1048576K
}
Event: 14.081 GC heap after
{Heap after GC invocations=31 (full 0):
 garbage-first heap   total 104448K, used 58280K [0x0000000080000000, 0x0000000100000000)
  region size 1024K, 3 young (3072K), 3 survivors (3072K)
 Metaspace       used 66037K, committed 66688K, reserved 1114112K
  class space    used 9157K, committed 9472K, reserved 1048576K
}
Event: 14.581 GC heap before
{Heap before GC invocations=31 (full 0):
 garbage-first heap   total 104448K, used 85928K [0x0000000080000000, 0x0000000100000000)
  region size 1024K, 30 young (30720K), 3 survivors (3072K)
 Metaspace       used 70160K, committed 70784K, reserved 1114112K
  class space    used 9714K, committed 9984K, reserved 1048576K
}
Event: 14.585 GC heap after
{Heap after GC invocations=32 (full 0):
 garbage-first heap   total 104448K, used 58827K [0x0000000080000000, 0x0000000100000000)
  region size 1024K, 3 young (3072K), 3 survivors (3072K)
 Metaspace       used 70160K, committed 70784K, reserved 1114112K
  class space    used 9714K, committed 9984K, reserved 1048576K
}
Event: 14.646 GC heap before
{Heap before GC invocations=33 (full 0):
 garbage-first heap   total 104448K, used 64971K [0x0000000080000000, 0x0000000100000000)
  region size 1024K, 4 young (4096K), 3 survivors (3072K)
 Metaspace       used 70327K, committed 70976K, reserved 1114112K
  class space    used 9732K, committed 10048K, reserved 1048576K
}
Event: 14.650 GC heap after
{Heap after GC invocations=34 (full 0):
 garbage-first heap   total 104448K, used 64887K [0x0000000080000000, 0x0000000100000000)
  region size 1024K, 2 young (2048K), 2 survivors (2048K)
 Metaspace       used 70327K, committed 70976K, reserved 1114112K
  class space    used 9732K, committed 10048K, reserved 1048576K
}
Event: 14.843 GC heap before
{Heap before GC invocations=35 (full 0):
 garbage-first heap   total 114688K, used 88439K [0x0000000080000000, 0x0000000100000000)
  region size 1024K, 25 young (25600K), 2 survivors (2048K)
 Metaspace       used 70607K, committed 71296K, reserved 1114112K
  class space    used 9739K, committed 10048K, reserved 1048576K
}
Event: 14.851 GC heap after
{Heap after GC invocations=36 (full 0):
 garbage-first heap   total 114688K, used 72672K [0x0000000080000000, 0x0000000100000000)
  region size 1024K, 4 young (4096K), 4 survivors (4096K)
 Metaspace       used 70607K, committed 71296K, reserved 1114112K
  class space    used 9739K, committed 10048K, reserved 1048576K
}
Event: 15.105 GC heap before
{Heap before GC invocations=36 (full 0):
 garbage-first heap   total 114688K, used 93152K [0x0000000080000000, 0x0000000100000000)
  region size 1024K, 24 young (24576K), 4 survivors (4096K)
 Metaspace       used 71301K, committed 71936K, reserved 1114112K
  class space    used 9836K, committed 10112K, reserved 1048576K
}
Event: 15.114 GC heap after
{Heap after GC invocations=37 (full 0):
 garbage-first heap   total 114688K, used 69631K [0x0000000080000000, 0x0000000100000000)
  region size 1024K, 3 young (3072K), 3 survivors (3072K)
 Metaspace       used 71301K, committed 71936K, reserved 1114112K
  class space    used 9836K, committed 10112K, reserved 1048576K
}
Event: 15.487 GC heap before
{Heap before GC invocations=38 (full 0):
 garbage-first heap   total 121856K, used 90111K [0x0000000080000000, 0x0000000100000000)
  region size 1024K, 23 young (23552K), 3 survivors (3072K)
 Metaspace       used 74209K, committed 74816K, reserved 1114112K
  class space    used 10172K, committed 10432K, reserved 1048576K
}
Event: 15.492 GC heap after
{Heap after GC invocations=39 (full 0):
 garbage-first heap   total 121856K, used 71395K [0x0000000080000000, 0x0000000100000000)
  region size 1024K, 2 young (2048K), 2 survivors (2048K)
 Metaspace       used 74209K, committed 74816K, reserved 1114112K
  class space    used 10172K, committed 10432K, reserved 1048576K
}
Event: 15.619 GC heap before
{Heap before GC invocations=39 (full 0):
 garbage-first heap   total 121856K, used 76515K [0x0000000080000000, 0x0000000100000000)
  region size 1024K, 8 young (8192K), 2 survivors (2048K)
 Metaspace       used 74753K, committed 75392K, reserved 1114112K
  class space    used 10242K, committed 10560K, reserved 1048576K
}
Event: 15.621 GC heap after
{Heap after GC invocations=40 (full 0):
 garbage-first heap   total 121856K, used 71384K [0x0000000080000000, 0x0000000100000000)
  region size 1024K, 2 young (2048K), 2 survivors (2048K)
 Metaspace       used 74753K, committed 75392K, reserved 1114112K
  class space    used 10242K, committed 10560K, reserved 1048576K
}
Event: 16.109 GC heap before
{Heap before GC invocations=41 (full 0):
 garbage-first heap   total 138240K, used 103128K [0x0000000080000000, 0x0000000100000000)
  region size 1024K, 27 young (27648K), 2 survivors (2048K)
 Metaspace       used 77268K, committed 77888K, reserved 1179648K
  class space    used 10530K, committed 10816K, reserved 1048576K
}
Event: 16.113 GC heap after
{Heap after GC invocations=42 (full 0):
 garbage-first heap   total 138240K, used 80489K [0x0000000080000000, 0x0000000100000000)
  region size 1024K, 4 young (4096K), 4 survivors (4096K)
 Metaspace       used 77268K, committed 77888K, reserved 1179648K
  class space    used 10530K, committed 10816K, reserved 1048576K
}
Event: 16.138 GC heap before
{Heap before GC invocations=42 (full 0):
 garbage-first heap   total 138240K, used 81513K [0x0000000080000000, 0x0000000100000000)
  region size 1024K, 6 young (6144K), 4 survivors (4096K)
 Metaspace       used 77523K, committed 78144K, reserved 1179648K
  class space    used 10542K, committed 10816K, reserved 1048576K
}
Event: 16.142 GC heap after
{Heap after GC invocations=43 (full 0):
 garbage-first heap   total 138240K, used 80439K [0x0000000080000000, 0x0000000100000000)
  region size 1024K, 1 young (1024K), 1 survivors (1024K)
 Metaspace       used 77523K, committed 78144K, reserved 1179648K
  class space    used 10542K, committed 10816K, reserved 1048576K
}
Event: 16.532 GC heap before
{Heap before GC invocations=43 (full 0):
 garbage-first heap   total 138240K, used 110135K [0x0000000080000000, 0x0000000100000000)
  region size 1024K, 30 young (30720K), 1 survivors (1024K)
 Metaspace       used 81122K, committed 81728K, reserved 1179648K
  class space    used 10850K, committed 11136K, reserved 1048576K
}

Dll operation events (3 events):
Event: 0.023 Loaded shared library E:\android\jbr\bin\java.dll
Event: 0.224 Loaded shared library E:\android\jbr\bin\zip.dll
Event: 0.721 Loaded shared library E:\android\jbr\bin\verify.dll

Deoptimization events (20 events):
Event: 15.666 Thread 0x000001e1a6030510 DEOPT PACKING pc=0x000001e1906e5574 sp=0x000000dc67ef51b0
Event: 15.666 Thread 0x000001e1a6030510 DEOPT UNPACKING pc=0x000001e1900769a3 sp=0x000000dc67ef5098 mode 2
Event: 16.412 Thread 0x000001e1a6030510 Uncommon trap: trap_request=0xffffffde fr.pc=0x000001e1906160ac relative=0x0000000000000cac
Event: 16.412 Thread 0x000001e1a6030510 Uncommon trap: reason=class_check action=maybe_recompile pc=0x000001e1906160ac method=java.util.HashMap.computeIfAbsent(Ljava/lang/Object;Ljava/util/function/Function;)Ljava/lang/Object; @ 142 c2
Event: 16.412 Thread 0x000001e1a6030510 DEOPT PACKING pc=0x000001e1906160ac sp=0x000000dc67ef5380
Event: 16.412 Thread 0x000001e1a6030510 DEOPT UNPACKING pc=0x000001e1900769a3 sp=0x000000dc67ef5330 mode 2
Event: 16.483 Thread 0x000001e1a6030510 DEOPT PACKING pc=0x000001e188bb4ec3 sp=0x000000dc67ef3890
Event: 16.483 Thread 0x000001e1a6030510 DEOPT UNPACKING pc=0x000001e190077143 sp=0x000000dc67ef2db0 mode 0
Event: 16.499 Thread 0x000001e1a6030510 Uncommon trap: trap_request=0xffffff76 fr.pc=0x000001e1905df7e4 relative=0x00000000000001c4
Event: 16.499 Thread 0x000001e1a6030510 Uncommon trap: reason=predicate action=maybe_recompile pc=0x000001e1905df7e4 method=java.util.LinkedHashMap.keysToArray([Ljava/lang/Object;)[Ljava/lang/Object; @ 12 c2
Event: 16.499 Thread 0x000001e1a6030510 DEOPT PACKING pc=0x000001e1905df7e4 sp=0x000000dc67ef3310
Event: 16.499 Thread 0x000001e1a6030510 DEOPT UNPACKING pc=0x000001e1900769a3 sp=0x000000dc67ef32c8 mode 2
Event: 16.529 Thread 0x000001e1a6030510 Uncommon trap: trap_request=0xffffff45 fr.pc=0x000001e190873170 relative=0x0000000000000350
Event: 16.529 Thread 0x000001e1a6030510 Uncommon trap: reason=unstable_if action=reinterpret pc=0x000001e190873170 method=java.lang.String.indexOf([BBILjava/lang/String;I)I @ 54 c2
Event: 16.529 Thread 0x000001e1a6030510 DEOPT PACKING pc=0x000001e190873170 sp=0x000000dc67ef36d0
Event: 16.529 Thread 0x000001e1a6030510 DEOPT UNPACKING pc=0x000001e1900769a3 sp=0x000000dc67ef35e0 mode 2
Event: 16.529 Thread 0x000001e1a6030510 Uncommon trap: trap_request=0xffffff45 fr.pc=0x000001e1908738ac relative=0x000000000000030c
Event: 16.529 Thread 0x000001e1a6030510 Uncommon trap: reason=unstable_if action=reinterpret pc=0x000001e1908738ac method=java.lang.String.indexOf([BBILjava/lang/String;I)I @ 54 c2
Event: 16.529 Thread 0x000001e1a6030510 DEOPT PACKING pc=0x000001e1908738ac sp=0x000000dc67ef3650
Event: 16.529 Thread 0x000001e1a6030510 DEOPT UNPACKING pc=0x000001e1900769a3 sp=0x000000dc67ef35e0 mode 2

Classes unloaded (0 events):
No events

Classes redefined (0 events):
No events

Internal exceptions (20 events):
Event: 12.125 Thread 0x000001e1a6030510 Exception <a 'java/lang/IncompatibleClassChangeError'{0x0000000085e4de50}: Found class java.lang.Object, but interface was expected> (0x0000000085e4de50) 
thrown [s\src\hotspot\share\interpreter\linkResolver.cpp, line 838]
Event: 12.215 Thread 0x000001e1a6030510 Exception <a 'java/lang/IncompatibleClassChangeError'{0x0000000085c6a4d8}: Found class java.lang.Object, but interface was expected> (0x0000000085c6a4d8) 
thrown [s\src\hotspot\share\interpreter\linkResolver.cpp, line 838]
Event: 12.282 Thread 0x000001e1a6030510 Exception <a 'java/lang/NoSuchMethodError'{0x0000000085996160}: 'java.lang.Object java.lang.invoke.DirectMethodHandle$Holder.invokeStaticInit(java.lang.Object, int)'> (0x0000000085996160) 
thrown [s\src\hotspot\share\interpreter\linkResolver.cpp, line 771]
Event: 12.952 Thread 0x000001e1a6030510 Implicit null exception at 0x000001e1905fbaf2 to 0x000001e1905fc10c
Event: 13.089 Thread 0x000001e1a6030510 Implicit null exception at 0x000001e19061f7f2 to 0x000001e19061fe0c
Event: 13.439 Thread 0x000001e1a6030510 Exception <a 'sun/nio/fs/WindowsException'{0x0000000084f9eb08}> (0x0000000084f9eb08) 
thrown [s\src\hotspot\share\prims\jni.cpp, line 517]
Event: 13.439 Thread 0x000001e1a6030510 Exception <a 'sun/nio/fs/WindowsException'{0x0000000084fa07f8}> (0x0000000084fa07f8) 
thrown [s\src\hotspot\share\prims\jni.cpp, line 517]
Event: 13.595 Thread 0x000001e1a6030510 Exception <a 'java/lang/NoSuchMethodError'{0x00000000862db118}: 'long java.lang.invoke.DirectMethodHandle$Holder.invokeStatic(java.lang.Object)'> (0x00000000862db118) 
thrown [s\src\hotspot\share\interpreter\linkResolver.cpp, line 771]
Event: 13.595 Thread 0x000001e1a6030510 Exception <a 'java/lang/NoSuchMethodError'{0x00000000862dfd00}: 'long java.lang.invoke.DirectMethodHandle$Holder.invokeStaticInit(java.lang.Object)'> (0x00000000862dfd00) 
thrown [s\src\hotspot\share\interpreter\linkResolver.cpp, line 771]
Event: 13.695 Thread 0x000001e1a6030510 Exception <a 'java/lang/NoSuchMethodError'{0x0000000085c2c8d0}: 'long java.lang.invoke.Invokers$Holder.invoke_MT(java.lang.Object, java.lang.Object, java.lang.Object, java.lang.Object)'> (0x0000000085c2c8d0) 
thrown [s\src\hotspot\share\interpreter\linkResolver.cpp, line 771]
Event: 13.697 Thread 0x000001e1a6030510 Exception <a 'java/lang/NoSuchMethodError'{0x0000000085c35c78}: 'int java.lang.invoke.Invokers$Holder.invoke_MT(java.lang.Object, java.lang.Object, java.lang.Object, java.lang.Object)'> (0x0000000085c35c78) 
thrown [s\src\hotspot\share\interpreter\linkResolver.cpp, line 771]
Event: 13.699 Thread 0x000001e1a6030510 Exception <a 'java/lang/NoSuchMethodError'{0x0000000085c46530}: 'void java.lang.invoke.DelegatingMethodHandle$Holder.reinvoke_L(java.lang.Object, java.lang.Object, java.lang.Object, long, java.lang.Object)'> (0x0000000085c46530) 
thrown [s\src\hotspot\share\interpreter\linkResolver.cpp, line 771]
Event: 13.701 Thread 0x000001e1a6030510 Exception <a 'java/lang/NoSuchMethodError'{0x0000000085c4ee60}: 'java.lang.Object java.lang.invoke.DirectMethodHandle$Holder.invokeSpecial(java.lang.Object, java.lang.Object, java.lang.Object, java.lang.Object, long)'> (0x0000000085c4ee60) 
thrown [s\src\hotspot\share\interpreter\linkResolver.cpp, line 771]
Event: 13.702 Thread 0x000001e1a6030510 Exception <a 'java/lang/NoSuchMethodError'{0x0000000085c5f8d8}: 'int java.lang.invoke.DelegatingMethodHandle$Holder.reinvoke_L(java.lang.Object, java.lang.Object, java.lang.Object, long, java.lang.Object, java.lang.Object)'> (0x0000000085c5f8d8) 
thrown [s\src\hotspot\share\interpreter\linkResolver.cpp, line 771]
Event: 13.704 Thread 0x000001e1a6030510 Exception <a 'java/lang/NoSuchMethodError'{0x0000000085c6f9a8}: 'int java.lang.invoke.DelegatingMethodHandle$Holder.reinvoke_L(java.lang.Object, java.lang.Object, java.lang.Object, long, int, int)'> (0x0000000085c6f9a8) 
thrown [s\src\hotspot\share\interpreter\linkResolver.cpp, line 771]
Event: 13.706 Thread 0x000001e1a6030510 Exception <a 'java/lang/NoSuchMethodError'{0x0000000085c7f820}: 'int java.lang.invoke.DelegatingMethodHandle$Holder.reinvoke_L(java.lang.Object, java.lang.Object, java.lang.Object, long, long, long)'> (0x0000000085c7f820) 
thrown [s\src\hotspot\share\interpreter\linkResolver.cpp, line 771]
Event: 13.708 Thread 0x000001e1a6030510 Exception <a 'java/lang/NoSuchMethodError'{0x0000000085c8f5c0}: 'int java.lang.invoke.DelegatingMethodHandle$Holder.reinvoke_L(java.lang.Object, java.lang.Object, java.lang.Object, long, int)'> (0x0000000085c8f5c0) 
thrown [s\src\hotspot\share\interpreter\linkResolver.cpp, line 771]
Event: 14.270 Thread 0x000001e1a6030510 Exception <a 'java/lang/NoSuchMethodError'{0x0000000085baa8b0}: 'void java.lang.invoke.DirectMethodHandle$Holder.invokeVirtual(java.lang.Object, java.lang.Object)'> (0x0000000085baa8b0) 
thrown [s\src\hotspot\share\interpreter\linkResolver.cpp, line 771]
Event: 14.498 Thread 0x000001e1a6030510 Exception <a 'java/lang/NoSuchMethodError'{0x0000000084deee28}: 'java.lang.Object java.lang.invoke.Invokers$Holder.invokeExact_MT(java.lang.Object, java.lang.Object, long, java.lang.Object)'> (0x0000000084deee28) 
thrown [s\src\hotspot\share\interpreter\linkResolver.cpp, line 771]
Event: 14.571 Thread 0x000001e1a6030510 Exception <a 'java/lang/NoSuchMethodError'{0x0000000084a65400}: 'java.lang.Object java.lang.invoke.Invokers$Holder.invoke_MT(java.lang.Object, java.lang.Object, java.lang.Object)'> (0x0000000084a65400) 
thrown [s\src\hotspot\share\interpreter\linkResolver.cpp, line 771]

VM Operations (20 events):
Event: 15.166 Executing VM operation: G1PauseRemark done
Event: 15.178 Executing VM operation: HandshakeAllThreads
Event: 15.178 Executing VM operation: HandshakeAllThreads done
Event: 15.194 Executing VM operation: G1PauseCleanup
Event: 15.194 Executing VM operation: G1PauseCleanup done
Event: 15.201 Executing VM operation: HandshakeAllThreads
Event: 15.201 Executing VM operation: HandshakeAllThreads done
Event: 15.487 Executing VM operation: G1CollectForAllocation
Event: 15.492 Executing VM operation: G1CollectForAllocation done
Event: 15.619 Executing VM operation: G1TryInitiateConcMark
Event: 15.621 Executing VM operation: G1TryInitiateConcMark done
Event: 15.692 Executing VM operation: G1PauseRemark
Event: 15.695 Executing VM operation: G1PauseRemark done
Event: 15.721 Executing VM operation: G1PauseCleanup
Event: 15.721 Executing VM operation: G1PauseCleanup done
Event: 16.109 Executing VM operation: G1CollectForAllocation
Event: 16.113 Executing VM operation: G1CollectForAllocation done
Event: 16.138 Executing VM operation: G1CollectForAllocation
Event: 16.142 Executing VM operation: G1CollectForAllocation done
Event: 16.531 Executing VM operation: G1CollectForAllocation

Events (20 events):
Event: 15.207 Thread 0x000001e1a405cdf0 flushing nmethod 0x000001e18949ff10
Event: 15.207 Thread 0x000001e1a405cdf0 flushing nmethod 0x000001e1894a1c90
Event: 15.207 Thread 0x000001e1a405cdf0 flushing nmethod 0x000001e1894a2b10
Event: 15.207 Thread 0x000001e1a405cdf0 flushing nmethod 0x000001e1894a3810
Event: 15.207 Thread 0x000001e1a405cdf0 flushing nmethod 0x000001e1894a3d90
Event: 15.207 Thread 0x000001e1a405cdf0 flushing nmethod 0x000001e1894a4c10
Event: 15.207 Thread 0x000001e1a405cdf0 flushing nmethod 0x000001e1894a8490
Event: 15.207 Thread 0x000001e1a405cdf0 flushing nmethod 0x000001e1894a8a10
Event: 15.207 Thread 0x000001e1a405cdf0 flushing nmethod 0x000001e1894a9890
Event: 15.207 Thread 0x000001e1a405cdf0 flushing nmethod 0x000001e1894acc10
Event: 15.207 Thread 0x000001e1a405cdf0 flushing nmethod 0x000001e1894ad610
Event: 15.207 Thread 0x000001e1a405cdf0 flushing nmethod 0x000001e1894afb90
Event: 15.207 Thread 0x000001e1a405cdf0 flushing nmethod 0x000001e1894aff10
Event: 15.207 Thread 0x000001e1a405cdf0 flushing nmethod 0x000001e1894b0810
Event: 15.207 Thread 0x000001e1a405cdf0 flushing nmethod 0x000001e1894b2b90
Event: 15.207 Thread 0x000001e1a405cdf0 flushing nmethod 0x000001e1894b3c10
Event: 15.207 Thread 0x000001e1a405cdf0 flushing nmethod 0x000001e1894b4710
Event: 15.207 Thread 0x000001e1a405cdf0 flushing nmethod 0x000001e1894b4c10
Event: 15.207 Thread 0x000001e1a405cdf0 flushing nmethod 0x000001e1894b5890
Event: 15.207 Thread 0x000001e1a405cdf0 flushing nmethod 0x000001e1894b8410


Dynamic libraries:
0x00007ff71bae0000 - 0x00007ff71baea000 	E:\android\jbr\bin\java.exe
0x00007ffe85130000 - 0x00007ffe85347000 	C:\WINDOWS\SYSTEM32\ntdll.dll
0x00007ffe834f0000 - 0x00007ffe835b4000 	C:\WINDOWS\System32\KERNEL32.DLL
0x00007ffe82970000 - 0x00007ffe82d1d000 	C:\WINDOWS\System32\KERNELBASE.dll
0x00007ffe82850000 - 0x00007ffe82961000 	C:\WINDOWS\System32\ucrtbase.dll
0x00007ffe6a5d0000 - 0x00007ffe6a5e7000 	E:\android\jbr\bin\jli.dll
0x00007ffe84680000 - 0x00007ffe8482e000 	C:\WINDOWS\System32\USER32.dll
0x00007ffe82700000 - 0x00007ffe82726000 	C:\WINDOWS\System32\win32u.dll
0x00007ffe835c0000 - 0x00007ffe835e9000 	C:\WINDOWS\System32\GDI32.dll
0x00007ffe82730000 - 0x00007ffe82849000 	C:\WINDOWS\System32\gdi32full.dll
0x00007ffe601d0000 - 0x00007ffe60463000 	C:\WINDOWS\WinSxS\amd64_microsoft.windows.common-controls_6595b64144ccf1df_6.0.22621.3672_none_2713b9d173822955\COMCTL32.dll
0x00007ffe82660000 - 0x00007ffe826fa000 	C:\WINDOWS\System32\msvcp_win.dll
0x00007ffe85040000 - 0x00007ffe850e7000 	C:\WINDOWS\System32\msvcrt.dll
0x00007ffe69bb0000 - 0x00007ffe69bcb000 	E:\android\jbr\bin\VCRUNTIME140.dll
0x00007ffe845b0000 - 0x00007ffe845e1000 	C:\WINDOWS\System32\IMM32.DLL
0x00007ffe7b530000 - 0x00007ffe7b53c000 	E:\android\jbr\bin\vcruntime140_1.dll
0x00007ffe30cb0000 - 0x00007ffe30d3d000 	E:\android\jbr\bin\msvcp140.dll
0x00007ffe02ed0000 - 0x00007ffe03b53000 	E:\android\jbr\bin\server\jvm.dll
0x00007ffe843e0000 - 0x00007ffe84492000 	C:\WINDOWS\System32\ADVAPI32.dll
0x00007ffe84500000 - 0x00007ffe845a9000 	C:\WINDOWS\System32\sechost.dll
0x00007ffe82450000 - 0x00007ffe82478000 	C:\WINDOWS\System32\bcrypt.dll
0x00007ffe83270000 - 0x00007ffe83384000 	C:\WINDOWS\System32\RPCRT4.dll
0x00007ffe812c0000 - 0x00007ffe8130d000 	C:\WINDOWS\SYSTEM32\POWRPROF.dll
0x00007ffe66480000 - 0x00007ffe66489000 	C:\WINDOWS\SYSTEM32\WSOCK32.dll
0x00007ffe83470000 - 0x00007ffe834e1000 	C:\WINDOWS\System32\WS2_32.dll
0x00007ffe7fe70000 - 0x00007ffe7fea4000 	C:\WINDOWS\SYSTEM32\WINMM.dll
0x00007ffe7a110000 - 0x00007ffe7a11a000 	C:\WINDOWS\SYSTEM32\VERSION.dll
0x00007ffe812a0000 - 0x00007ffe812b3000 	C:\WINDOWS\SYSTEM32\UMPDC.dll
0x00007ffe81550000 - 0x00007ffe81568000 	C:\WINDOWS\SYSTEM32\kernel.appcore.dll
0x00007ffe7bf40000 - 0x00007ffe7bf4a000 	E:\android\jbr\bin\jimage.dll
0x00007ffe7fc00000 - 0x00007ffe7fe32000 	C:\WINDOWS\SYSTEM32\DBGHELP.DLL
0x00007ffe84830000 - 0x00007ffe84bbe000 	C:\WINDOWS\System32\combase.dll
0x00007ffe83390000 - 0x00007ffe83467000 	C:\WINDOWS\System32\OLEAUT32.dll
0x00007ffe6a0d0000 - 0x00007ffe6a102000 	C:\WINDOWS\SYSTEM32\dbgcore.DLL
0x00007ffe82d20000 - 0x00007ffe82d9b000 	C:\WINDOWS\System32\bcryptPrimitives.dll
0x00007ffe6a680000 - 0x00007ffe6a68e000 	E:\android\jbr\bin\instrument.dll
0x00007ffe6a530000 - 0x00007ffe6a555000 	E:\android\jbr\bin\java.dll
0x00007ffe74c30000 - 0x00007ffe74c48000 	E:\android\jbr\bin\zip.dll
0x00007ffe83b50000 - 0x00007ffe843b7000 	C:\WINDOWS\System32\SHELL32.dll
0x00007ffe80390000 - 0x00007ffe80c8f000 	C:\WINDOWS\SYSTEM32\windows.storage.dll
0x00007ffe80250000 - 0x00007ffe8038f000 	C:\WINDOWS\SYSTEM32\wintypes.dll
0x00007ffe82ea0000 - 0x00007ffe82f99000 	C:\WINDOWS\System32\SHCORE.dll
0x00007ffe844a0000 - 0x00007ffe844fe000 	C:\WINDOWS\System32\shlwapi.dll
0x00007ffe82380000 - 0x00007ffe823a7000 	C:\WINDOWS\SYSTEM32\profapi.dll
0x00007ffe6a830000 - 0x00007ffe6a849000 	E:\android\jbr\bin\net.dll
0x00007ffe7f630000 - 0x00007ffe7f766000 	C:\WINDOWS\SYSTEM32\WINHTTP.dll
0x00007ffe819b0000 - 0x00007ffe81a19000 	C:\WINDOWS\system32\mswsock.dll
0x00007ffe6a730000 - 0x00007ffe6a746000 	E:\android\jbr\bin\nio.dll
0x00007ffe78590000 - 0x00007ffe785a0000 	E:\android\jbr\bin\verify.dll
0x00007ffe69cc0000 - 0x00007ffe69ce7000 	C:\Users\Dahoo\.gradle\native\c067742578af261105cb4f569cf0c3c89f3d7b1fecec35dd04571415982c5e48\windows-amd64\native-platform.dll
0x00007ffe2ec90000 - 0x00007ffe2edd4000 	C:\Users\Dahoo\.gradle\native\38dada09dfb8b06ba9b0570ebf7e218e3eb74d4ef43ca46872605cf95ebc2f47\windows-amd64\native-platform-file-events.dll
0x00007ffe7b540000 - 0x00007ffe7b549000 	E:\android\jbr\bin\management.dll
0x00007ffe78b10000 - 0x00007ffe78b1b000 	E:\android\jbr\bin\management_ext.dll
0x00007ffe84670000 - 0x00007ffe84678000 	C:\WINDOWS\System32\PSAPI.DLL
0x00007ffe81ca0000 - 0x00007ffe81cbb000 	C:\WINDOWS\SYSTEM32\CRYPTSP.dll
0x00007ffe814b0000 - 0x00007ffe814e5000 	C:\WINDOWS\system32\rsaenh.dll
0x00007ffe81a50000 - 0x00007ffe81a78000 	C:\WINDOWS\SYSTEM32\USERENV.dll
0x00007ffe81bb0000 - 0x00007ffe81bbc000 	C:\WINDOWS\SYSTEM32\CRYPTBASE.dll
0x00007ffe80ee0000 - 0x00007ffe80f0d000 	C:\WINDOWS\SYSTEM32\IPHLPAPI.DLL
0x00007ffe82e80000 - 0x00007ffe82e89000 	C:\WINDOWS\System32\NSI.dll
0x00007ffe7d310000 - 0x00007ffe7d329000 	C:\WINDOWS\SYSTEM32\dhcpcsvc6.DLL
0x00007ffe7d240000 - 0x00007ffe7d25f000 	C:\WINDOWS\SYSTEM32\dhcpcsvc.DLL
0x00007ffe80f10000 - 0x00007ffe81008000 	C:\WINDOWS\SYSTEM32\DNSAPI.dll
0x00007ffe7beb0000 - 0x00007ffe7beb8000 	C:\WINDOWS\system32\wshunix.dll

dbghelp: loaded successfully - version: 4.0.5 - missing functions: none
symbol engine: initialized successfully - sym options: 0x614 - pdb path: .;E:\android\jbr\bin;C:\WINDOWS\SYSTEM32;C:\WINDOWS\WinSxS\amd64_microsoft.windows.common-controls_6595b64144ccf1df_6.0.22621.3672_none_2713b9d173822955;E:\android\jbr\bin\server;C:\Users\Dahoo\.gradle\native\c067742578af261105cb4f569cf0c3c89f3d7b1fecec35dd04571415982c5e48\windows-amd64;C:\Users\Dahoo\.gradle\native\38dada09dfb8b06ba9b0570ebf7e218e3eb74d4ef43ca46872605cf95ebc2f47\windows-amd64

VM Arguments:
jvm_args: --add-opens=java.base/java.util=ALL-UNNAMED --add-opens=java.base/java.lang=ALL-UNNAMED --add-opens=java.base/java.lang.invoke=ALL-UNNAMED --add-opens=java.prefs/java.util.prefs=ALL-UNNAMED --add-opens=java.base/java.nio.charset=ALL-UNNAMED --add-opens=java.base/java.net=ALL-UNNAMED --add-opens=java.base/java.util.concurrent.atomic=ALL-UNNAMED -Xmx2048m -Dfile.encoding=UTF-8 -Duser.country=US -Duser.language=en -Duser.variant -javaagent:C:\Users\Dahoo\.gradle\wrapper\dists\gradle-8.4-bin\1w5dpkrfk8irigvoxmyhowfim\gradle-8.4\lib\agents\gradle-instrumentation-agent-8.4.jar 
java_command: org.gradle.launcher.daemon.bootstrap.GradleDaemon 8.4
java_class_path (initial): C:\Users\Dahoo\.gradle\wrapper\dists\gradle-8.4-bin\1w5dpkrfk8irigvoxmyhowfim\gradle-8.4\lib\gradle-launcher-8.4.jar
Launcher Type: SUN_STANDARD

[Global flags]
     intx CICompilerCount                          = 4                                         {product} {ergonomic}
     uint ConcGCThreads                            = 2                                         {product} {ergonomic}
     uint G1ConcRefinementThreads                  = 8                                         {product} {ergonomic}
   size_t G1HeapRegionSize                         = 1048576                                   {product} {ergonomic}
    uintx GCDrainStackTargetSize                   = 64                                        {product} {ergonomic}
   size_t InitialHeapSize                          = 132120576                                 {product} {ergonomic}
   size_t MarkStackSize                            = 4194304                                   {product} {ergonomic}
   size_t MaxHeapSize                              = 2147483648                                {product} {command line}
   size_t MaxNewSize                               = 1287651328                                {product} {ergonomic}
   size_t MinHeapDeltaBytes                        = 1048576                                   {product} {ergonomic}
   size_t MinHeapSize                              = 8388608                                   {product} {ergonomic}
    uintx NonNMethodCodeHeapSize                   = 5839372                                {pd product} {ergonomic}
    uintx NonProfiledCodeHeapSize                  = 122909434                              {pd product} {ergonomic}
    uintx ProfiledCodeHeapSize                     = 122909434                              {pd product} {ergonomic}
    uintx ReservedCodeCacheSize                    = 251658240                              {pd product} {ergonomic}
     bool SegmentedCodeCache                       = true                                      {product} {ergonomic}
   size_t SoftMaxHeapSize                          = 2147483648                             {manageable} {ergonomic}
     bool UseCompressedClassPointers               = true                           {product lp64_product} {ergonomic}
     bool UseCompressedOops                        = true                           {product lp64_product} {ergonomic}
     bool UseG1GC                                  = true                                      {product} {ergonomic}
     bool UseLargePagesIndividualAllocation        = false                                  {pd product} {ergonomic}

Logging:
Log output configuration:
 #0: stdout all=warning uptime,level,tags
 #1: stderr all=off uptime,level,tags

Environment Variables:
JAVA_HOME=C:\Program Files\BellSoft\LibericaJDK-11-Full\
PATH=C:\Program Files (x86)\VMware\VMware Player\bin\;C:\Users\Dahoo\AppData\Roaming\npm;C:\Program Files\nodejs\;C:\Program Files\dotnet\;C:\Program Files\Microsoft SQL Server\150\Tools\Binn\;C:\apache-maven-3.9.8\bin;;C:\Program Files\Docker\Docker\resources\bin;C:\Program Files\MySQL\MySQL Shell 8.1\bin\;C:\Program Files (x86)\Common Files\Oracle\Java\javapath;C:\Windows\system32;C:\Windows;C:\Windows\System32\Wbem;C:\Windows\System32\WindowsPowerShell\v1.0\;C:\Windows\System32\OpenSSH\;C:\Program Files (x86)\Intel\Intel(R) Management Engine Components\DAL;C:\Program Files\Intel\Intel(R) Management Engine Components\DAL;C:\Program Files\Intel\WiFi\bin\;C:\Program Files\Common Files\Intel\WirelessCommon\;C:\Program Files (x86)\NVIDIA Corporation\PhysX\Common;C:\Program Files\dotnet\;C:\Program Files\Microsoft SQL Server\130\Tools\Binn\;C:\Program Files\Microsoft SQL Server\Client SDK\ODBC\170\Tools\Binn\;C:\Program Files (x86)\Microsoft SQL Server\150\DTS\Binn\;C:\Program Files (x86)\Microsoft SQL Server\150\Tools\Binn\;C:\Program Files\Microsoft SQL Server\150\Tools\Binn\;C:\Program Files\Microsoft SQL Server\150\DTS\Binn\;C:\Program Files (x86)\GtkSharp\2.12\bin;C:\Program Files\Git\cmd;C:\Program Files\nodejs\;C:\Users\Dahoo\AppData\Local\Microsoft\WindowsApps;C:\;C:\Users\Dahoo\AppData\Local\Programs\Microsoft VS Code\bin;C:\Users\Dahoo\Downloads\opencv\build\x64\vc16\bin;C:\Users\Dahoo\AppData\Roaming\npm;C:\Program Files\MongoDB\Server\7.0\bin;C:\Users\Dahoo\.dotnet\tools;
USERNAME=Dahoo
OS=Windows_NT
PROCESSOR_IDENTIFIER=Intel64 Family 6 Model 142 Stepping 12, GenuineIntel
TMP=C:\Users\Dahoo\AppData\Local\Temp
TEMP=C:\Users\Dahoo\AppData\Local\Temp



Periodic native trim disabled

JNI global refs:
JNI global refs: 27, weak refs: 2

JNI global refs memory usage: 843, weak refs: 841

OOME stack traces (most recent first):
Classloader memory used:
Loader org.gradle.internal.classloader.VisitableURLClassLoader                         : 6640K
Loader bootstrap                                                                       : 2471K
Loader org.gradle.initialization.MixInLegacyTypesClassLoader                           : 728K
Loader org.gradle.internal.classloader.VisitableURLClassLoader$InstrumentingVisitableURLClassLoader: 81243B
Loader jdk.internal.loader.ClassLoaders$PlatformClassLoader                            : 65026B
Loader org.gradle.internal.classloader.VisitableURLClassLoader                         : 53163B
Loader jdk.internal.jrtfs.JrtFileSystemProvider$JrtFsLoader                            : 37879B
Loader jdk.internal.loader.ClassLoaders$AppClassLoader                                 : 28460B
Loader jdk.internal.reflect.DelegatingClassLoader                                      : 25541B
Loader org.gradle.groovy.scripts.internal.DefaultScriptCompilationHandler$ScriptClassLoader: 10812B
Loader org.codehaus.groovy.runtime.callsite.CallSiteClassLoader                        : 5997B

Classes loaded by more than one classloader:
Class org.gradle.api.GradleException                                                  : loaded 3 times (x 80B)
Class org.gradle.util.GradleVersion                                                   : loaded 2 times (x 81B)
Class org.jetbrains.plugins.gradle.model.MavenRepositoryModel                         : loaded 2 times (x 68B)
Class org.gradle.internal.classpath.ClassPath                                         : loaded 2 times (x 68B)
Class org.gradle.api.internal.classpath.DefaultModuleRegistry                         : loaded 2 times (x 84B)
Class org.gradle.internal.exceptions.NonGradleCauseExceptionsHolder                   : loaded 2 times (x 68B)
Class com.intellij.openapi.externalSystem.model.ExternalSystemException               : loaded 2 times (x 84B)
Class jdk.internal.jimage.BasicImageReader$1                                          : loaded 2 times (x 75B)
Class org.gradle.api.Action                                                           : loaded 2 times (x 68B)
Class org.jetbrains.plugins.gradle.model.ExternalProject                              : loaded 2 times (x 68B)
Class jdk.internal.jimage.ImageBufferCache$1                                          : loaded 2 times (x 78B)
Class jdk.internal.jimage.ImageBufferCache$2                                          : loaded 2 times (x 89B)
Class org.gradle.api.internal.DefaultClassPathProvider                                : loaded 2 times (x 74B)
Class org.gradle.internal.installation.GradleInstallation$1                           : loaded 2 times (x 73B)
Class jdk.internal.jrtfs.SystemImage$1                                                : loaded 2 times (x 76B)
Class jdk.internal.jrtfs.SystemImage$2                                                : loaded 2 times (x 74B)
Class org.gradle.internal.exceptions.DefaultMultiCauseException                       : loaded 2 times (x 89B)
Class org.gradle.internal.time.MonotonicClock                                         : loaded 2 times (x 75B)
Class org.gradle.internal.classloader.FilteringClassLoader                            : loaded 2 times (x 103B)
Class jdk.internal.jimage.ImageReader$Resource                                        : loaded 2 times (x 82B)
Class jdk.internal.jrtfs.SystemImage                                                  : loaded 2 times (x 72B)
Class org.gradle.tooling.model.Model                                                  : loaded 2 times (x 68B)
Class org.gradle.internal.classpath.DefaultClassPath$ImmutableUniqueList$Builder      : loaded 2 times (x 73B)
Class jdk.internal.jrtfs.JrtDirectoryStream$1                                         : loaded 2 times (x 81B)
Class org.gradle.internal.classloader.ClassLoaderVisitor                              : loaded 2 times (x 74B)
Class org.gradle.internal.time.DefaultCountdownTimer                                  : loaded 2 times (x 86B)
Class org.gradle.internal.service.DefaultServiceLocator                               : loaded 2 times (x 81B)
Class org.gradle.internal.service.UnknownServiceException                             : loaded 2 times (x 81B)
Class org.gradle.internal.classloader.DefaultClassLoaderFactory                       : loaded 2 times (x 80B)
Class jdk.internal.jimage.ImageReader$SharedImageReader                               : loaded 2 times (x 93B)
Class jdk.internal.jimage.decompressor.ZipDecompressorFactory                         : loaded 2 times (x 72B)
Class org.gradle.internal.classloader.VisitableURLClassLoader$Spec                    : loaded 2 times (x 72B)
Class org.gradle.tooling.model.ProjectModel                                           : loaded 2 times (x 68B)
Class org.gradle.internal.installation.GradleInstallation                             : loaded 2 times (x 73B)
Class org.gradle.api.internal.classpath.ModuleRegistry                                : loaded 2 times (x 68B)
Class org.jetbrains.plugins.gradle.model.RepositoriesModel                            : loaded 2 times (x 68B)
Class kotlin.jvm.internal.markers.KMappedMarker                                       : loaded 2 times (x 68B)
Class org.gradle.api.internal.ClassPathProvider                                       : loaded 2 times (x 68B)
Class org.gradle.internal.classloader.ClasspathUtil$1                                 : loaded 2 times (x 74B)
Class org.gradle.internal.classloader.ClassLoaderFactory                              : loaded 2 times (x 68B)
Class ijInit1_eisjyok2r4h2lkg4ji8zq3cp6                                               : loaded 2 times (x 177B)
Class jdk.internal.jimage.ImageHeader                                                 : loaded 2 times (x 69B)
Class org.gradle.api.internal.classpath.ManifestUtil                                  : loaded 2 times (x 69B)
Class org.gradle.api.specs.Spec                                                       : loaded 2 times (x 68B)
Class org.gradle.internal.IoActions                                                   : loaded 2 times (x 69B)
Class jdk.internal.jimage.decompressor.StringSharingDecompressorFactory               : loaded 2 times (x 72B)
Class sync_studio_tooling1_bbn4huloxvnor3f9oi0ze0frj$_run_closure1                    : loaded 2 times (x 137B)
Class org.gradle.api.internal.classpath.EffectiveClassPath                            : loaded 2 times (x 88B)
Class kotlin.jvm.internal.DefaultConstructorMarker                                    : loaded 2 times (x 69B)
Class org.gradle.internal.installation.CurrentGradleInstallation                      : loaded 2 times (x 71B)
Class org.gradle.internal.agents.InstrumentingClassLoader                             : loaded 2 times (x 68B)
Class org.gradle.internal.installation.CurrentGradleInstallationLocator               : loaded 2 times (x 69B)
Class org.gradle.api.internal.classpath.Module                                        : loaded 2 times (x 68B)
Class org.gradle.internal.service.CachingServiceLocator                               : loaded 2 times (x 80B)
Class org.gradle.internal.time.Timer                                                  : loaded 2 times (x 68B)
Class org.gradle.internal.classpath.DefaultClassPath                                  : loaded 2 times (x 88B)
Class jdk.internal.jimage.BasicImageReader                                            : loaded 2 times (x 93B)
Class jdk.internal.jimage.ImageLocation                                               : loaded 2 times (x 88B)
Class kotlin.jvm.functions.Function1                                                  : loaded 2 times (x 68B)
Class jdk.internal.jimage.ImageReader$Node                                            : loaded 2 times (x 82B)
Class sync_studio_tooling1_bbn4huloxvnor3f9oi0ze0frj                                  : loaded 2 times (x 177B)
Class org.gradle.internal.time.Time                                                   : loaded 2 times (x 69B)
Class jdk.internal.jimage.decompressor.CompressedResourceHeader                       : loaded 2 times (x 69B)
Class org.gradle.internal.time.TimeSource$1                                           : loaded 2 times (x 75B)
Class jdk.internal.jrtfs.JrtPath                                                      : loaded 2 times (x 116B)
Class jdk.internal.jimage.ImageStrings                                                : loaded 2 times (x 68B)
Class jdk.internal.jrtfs.JrtFileAttributes                                            : loaded 2 times (x 81B)
Class org.gradle.internal.classloader.SystemClassLoaderSpec                           : loaded 2 times (x 69B)
Class jdk.internal.jimage.decompressor.ResourceDecompressorRepository                 : loaded 2 times (x 69B)
Class kotlin.Function                                                                 : loaded 2 times (x 68B)
Class org.gradle.api.UncheckedIOException                                             : loaded 2 times (x 80B)
Class jdk.internal.jimage.decompressor.ResourceDecompressor$StringsProvider           : loaded 2 times (x 68B)
Class jdk.internal.jimage.decompressor.Decompressor                                   : loaded 2 times (x 70B)
Class jdk.internal.jrtfs.JrtFileSystem                                                : loaded 2 times (x 100B)
Class jdk.internal.jrtfs.JrtFileSystemProvider                                        : loaded 2 times (x 97B)
Class org.gradle.internal.time.CountdownTimer                                         : loaded 2 times (x 68B)
Class org.gradle.internal.time.Clock                                                  : loaded 2 times (x 68B)
Class org.gradle.internal.classloader.ClasspathUtil                                   : loaded 2 times (x 69B)
Class jdk.internal.jrtfs.JrtDirectoryStream                                           : loaded 2 times (x 87B)
Class jdk.internal.jimage.decompressor.ResourceDecompressor                           : loaded 2 times (x 68B)
Class org.gradle.api.internal.DefaultClassPathRegistry                                : loaded 2 times (x 74B)
Class org.gradle.api.internal.classpath.DefaultModuleRegistry$DefaultModule           : loaded 2 times (x 84B)
Class org.gradle.internal.time.TimeSource                                             : loaded 2 times (x 68B)
Class org.gradle.api.internal.classpath.UnknownModuleException                        : loaded 2 times (x 80B)
Class org.gradle.internal.service.ServiceLookupException                              : loaded 2 times (x 80B)
Class jdk.internal.jimage.ImageStringsReader                                          : loaded 2 times (x 78B)
Class org.gradle.cache.GlobalCache                                                    : loaded 2 times (x 68B)
Class jdk.internal.jimage.decompressor.ResourceDecompressorFactory                    : loaded 2 times (x 72B)
Class [Lorg.gradle.api.internal.ClassPathProvider;                                    : loaded 2 times (x 67B)
Class jdk.internal.jimage.ImageReader$SharedImageReader$LocationVisitor               : loaded 2 times (x 68B)
Class org.gradle.internal.operations.MultipleBuildOperationFailures                   : loaded 2 times (x 89B)
Class org.gradle.util.internal.GUtil                                                  : loaded 2 times (x 69B)
Class jdk.internal.jimage.decompressor.ZipDecompressor                                : loaded 2 times (x 73B)
Class org.gradle.internal.classloader.ClassLoaderSpec                                 : loaded 2 times (x 69B)
Class org.gradle.internal.classloader.VisitableURLClassLoader                         : loaded 2 times (x 115B)
Class org.gradle.internal.Cast                                                        : loaded 2 times (x 69B)
Class org.gradle.api.internal.ClassPathRegistry                                       : loaded 2 times (x 68B)
Class org.gradle.internal.classloader.VisitableURLClassLoader$InstrumentingVisitableURLClassLoader: loaded 2 times (x 121B)
Class org.gradle.internal.classloader.ClassLoaderHierarchy                            : loaded 2 times (x 68B)
Class org.gradle.internal.exceptions.MultiCauseException                              : loaded 2 times (x 68B)
Class jdk.internal.jimage.ImageReader                                                 : loaded 2 times (x 73B)
Class org.gradle.internal.InternalTransformer                                         : loaded 2 times (x 68B)
Class org.gradle.internal.service.ServiceLocator                                      : loaded 2 times (x 68B)
Class org.gradle.internal.classpath.DefaultClassPath$ImmutableUniqueList              : loaded 2 times (x 159B)
Class jdk.internal.jimage.ImageBufferCache                                            : loaded 2 times (x 69B)
Class org.gradle.internal.time.DefaultTimer                                           : loaded 2 times (x 78B)
Class org.gradle.internal.classpath.TransformedClassPath                              : loaded 2 times (x 94B)
Class jdk.internal.jimage.ImageReader$Directory                                       : loaded 2 times (x 82B)


---------------  S Y S T E M  ---------------

OS:
 Windows 11 , 64 bit Build 22621 (10.0.22621.3958)
OS uptime: 0 days 21:19 hours
Hyper-V role detected

CPU: total 8 (initial active 8) (4 cores per cpu, 2 threads per core) family 6 model 142 stepping 12 microcode 0xde, cx8, cmov, fxsr, ht, mmx, 3dnowpref, sse, sse2, sse3, ssse3, sse4.1, sse4.2, popcnt, lzcnt, tsc, tscinvbit, avx, avx2, aes, erms, clmul, bmi1, bmi2, adx, fma, vzeroupper, clflush, clflushopt, hv
Processor Information for all 8 processors :
  Max Mhz: 1800, Current Mhz: 1600, Mhz Limit: 1584

Memory: 4k page, system-wide physical 7967M (171M free)
TotalPageFile size 15064M (AvailPageFile size 33M)
current process WorkingSet (physical memory assigned to process): 328M, peak: 328M
current process commit charge ("private bytes"): 361M, peak: 390M

vm_info: OpenJDK 64-Bit Server VM (17.0.9+0--11185874) for windows-amd64 JRE (17.0.9+0--11185874), built on Dec  6 2023 18:57:44 by "androidbuild" with MS VC++ 16.10 / 16.11 (VS2019)

END.
